<?xml version="1.0" encoding="UTF-8"?>
<coverage generated="1495150911180" clover="4.1.2">
   <project name="Apache Commons CLI 1.4" timestamp="1495150906395">
      <metrics coveredelements="1661" complexity="561" loc="6245" methods="253" classes="25" statements="1009" packages="1" coveredconditionals="443" coveredmethods="241" elements="1730" ncloc="2698" files="22" conditionals="468" coveredstatements="977"/>
      <package name="org.apache.commons.cli">
         <metrics coveredelements="1661" complexity="561" loc="6245" methods="253" classes="25" statements="1009" coveredconditionals="443" coveredmethods="241" elements="1730" ncloc="2698" files="22" conditionals="468" coveredstatements="977"/>
         <file path="/Users/liyuanqi/Downloads/commons-cli-1.4-src/src/main/java/org/apache/commons/cli/AlreadySelectedException.java" name="AlreadySelectedException.java">
            <metrics coveredelements="10" coveredconditionals="0" complexity="4" loc="87" coveredmethods="4" methods="4" elements="10" classes="1" ncloc="26" statements="6" conditionals="0" coveredstatements="6"/>
            <class name="AlreadySelectedException">
               <metrics coveredelements="10" coveredconditionals="0" complexity="4" coveredmethods="4" methods="4" elements="10" statements="6" conditionals="0" coveredstatements="6"/>
            </class>
            <line complexity="1" visibility="public" signature="AlreadySelectedException(String)" num="45" count="2" type="method"/>
            <line num="47" count="2" type="stmt"/>
            <line complexity="1" visibility="public" signature="AlreadySelectedException(OptionGroup,Option)" num="58" count="2" type="method"/>
            <line num="60" count="2" type="stmt"/>
            <line num="62" count="2" type="stmt"/>
            <line num="63" count="2" type="stmt"/>
            <line complexity="1" visibility="public" signature="getOptionGroup() : OptionGroup" num="72" count="4" type="method"/>
            <line num="74" count="4" type="stmt"/>
            <line complexity="1" visibility="public" signature="getOption() : Option" num="83" count="2" type="method"/>
            <line num="85" count="2" type="stmt"/>
         </file>
         <file path="/Users/liyuanqi/Downloads/commons-cli-1.4-src/src/main/java/org/apache/commons/cli/AmbiguousOptionException.java" name="AmbiguousOptionException.java">
            <metrics coveredelements="22" coveredconditionals="4" complexity="5" loc="88" coveredmethods="3" methods="3" elements="22" classes="1" ncloc="36" statements="15" conditionals="4" coveredstatements="15"/>
            <class name="AmbiguousOptionException">
               <metrics coveredelements="22" coveredconditionals="4" complexity="5" coveredmethods="3" methods="3" elements="22" statements="15" conditionals="4" coveredstatements="15"/>
            </class>
            <line complexity="1" visibility="public" signature="AmbiguousOptionException(String,Collection&lt;String&gt;)" num="45" count="8" type="method"/>
            <line num="47" count="8" type="stmt"/>
            <line num="48" count="8" type="stmt"/>
            <line complexity="1" visibility="public" signature="getMatchingOptions() : Collection&lt;String&gt;" num="55" count="14" type="method"/>
            <line num="57" count="14" type="stmt"/>
            <line complexity="3" visibility="private" signature="createMessage(String,Collection&lt;String&gt;) : String" num="67" count="8" type="method"/>
            <line num="69" count="8" type="stmt"/>
            <line num="70" count="8" type="stmt"/>
            <line num="71" count="8" type="stmt"/>
            <line num="73" count="8" type="stmt"/>
            <line num="74" count="8" type="stmt"/>
            <line falsecount="8" truecount="16" num="74" type="cond"/>
            <line num="76" count="16" type="stmt"/>
            <line num="77" count="16" type="stmt"/>
            <line num="78" count="16" type="stmt"/>
            <line num="79" count="16" type="stmt"/>
            <line falsecount="8" truecount="8" num="79" type="cond"/>
            <line num="81" count="8" type="stmt"/>
            <line num="84" count="8" type="stmt"/>
            <line num="86" count="8" type="stmt"/>
         </file>
         <file path="/Users/liyuanqi/Downloads/commons-cli-1.4-src/src/main/java/org/apache/commons/cli/BasicParser.java" name="BasicParser.java">
            <metrics coveredelements="2" coveredconditionals="0" complexity="1" loc="51" coveredmethods="1" methods="1" elements="2" classes="1" ncloc="12" statements="1" conditionals="0" coveredstatements="1"/>
            <class name="BasicParser">
               <metrics coveredelements="2" coveredconditionals="0" complexity="1" coveredmethods="1" methods="1" elements="2" statements="1" conditionals="0" coveredstatements="1"/>
            </class>
            <line complexity="1" visibility="protected" signature="flatten(Options,String[],boolean) : String[]" num="43" count="41" type="method"/>
            <line num="49" count="41" type="stmt"/>
         </file>
         <file path="/Users/liyuanqi/Downloads/commons-cli-1.4-src/src/main/java/org/apache/commons/cli/CommandLine.java" name="CommandLine.java">
            <metrics coveredelements="98" coveredconditionals="20" complexity="37" loc="425" coveredmethods="23" methods="23" elements="98" classes="2" ncloc="168" statements="55" conditionals="20" coveredstatements="55"/>
            <class name="CommandLine">
               <metrics coveredelements="90" coveredconditionals="20" complexity="34" coveredmethods="20" methods="20" elements="90" statements="50" conditionals="20" coveredstatements="50"/>
            </class>
            <class name="CommandLine.Builder">
               <metrics coveredelements="8" coveredconditionals="0" complexity="3" coveredmethods="3" methods="3" elements="8" statements="5" conditionals="0" coveredstatements="5"/>
            </class>
            <line complexity="1" visibility="protected" signature="CommandLine()" num="54" count="299" type="method"/>
            <line complexity="1" visibility="public" signature="hasOption(String) : boolean" num="65" count="414" type="method"/>
            <line num="67" count="414" type="stmt"/>
            <line complexity="1" visibility="public" signature="hasOption(char) : boolean" num="76" count="15" type="method"/>
            <line num="78" count="15" type="stmt"/>
            <line complexity="2" visibility="public" signature="getOptionObject(String) : Object" num="88" count="30" type="method"/>
            <line num="91" count="30" type="stmt"/>
            <line num="93" count="30" type="stmt"/>
            <line num="97" count="5" type="stmt"/>
            <line num="98" count="5" type="stmt"/>
            <line complexity="3" visibility="public" signature="getParsedOptionValue(String) : Object" num="111" count="32" type="method"/>
            <line num="113" count="32" type="stmt"/>
            <line num="114" count="32" type="stmt"/>
            <line num="116" count="32" type="stmt"/>
            <line falsecount="29" truecount="3" num="116" type="cond"/>
            <line num="118" count="3" type="stmt"/>
            <line num="121" count="29" type="stmt"/>
            <line complexity="1" visibility="public" signature="getOptionObject(char) : Object" num="130" count="11" type="method"/>
            <line num="132" count="11" type="stmt"/>
            <line complexity="2" visibility="public" signature="getOptionValue(String) : String" num="142" count="156" type="method"/>
            <line num="144" count="156" type="stmt"/>
            <line num="146" count="156" type="stmt"/>
            <line falsecount="145" truecount="11" num="146" type="cond"/>
            <line complexity="1" visibility="public" signature="getOptionValue(char) : String" num="156" count="13" type="method"/>
            <line num="158" count="13" type="stmt"/>
            <line complexity="4" visibility="public" signature="getOptionValues(String) : String[]" num="168" count="195" type="method"/>
            <line num="170" count="195" type="stmt"/>
            <line num="172" count="195" type="stmt"/>
            <line num="174" count="662" type="stmt"/>
            <line falsecount="459" truecount="203" num="174" type="cond"/>
            <line num="176" count="203" type="stmt"/>
            <line num="180" count="195" type="stmt"/>
            <line falsecount="182" truecount="13" num="180" type="cond"/>
            <line complexity="3" visibility="private" signature="resolveOption(String) : Option" num="189" count="446" type="method"/>
            <line num="191" count="446" type="stmt"/>
            <line num="192" count="446" type="stmt"/>
            <line num="194" count="683" type="stmt"/>
            <line falsecount="450" truecount="233" num="194" type="cond"/>
            <line num="196" count="233" type="stmt"/>
            <line num="199" count="450" type="stmt"/>
            <line falsecount="424" truecount="26" num="199" type="cond"/>
            <line num="201" count="26" type="stmt"/>
            <line num="205" count="187" type="stmt"/>
            <line complexity="1" visibility="public" signature="getOptionValues(char) : String[]" num="215" count="9" type="method"/>
            <line num="217" count="9" type="stmt"/>
            <line complexity="2" visibility="public" signature="getOptionValue(String,String) : String" num="229" count="3" type="method"/>
            <line num="231" count="3" type="stmt"/>
            <line num="233" count="3" type="stmt"/>
            <line falsecount="2" truecount="1" num="233" type="cond"/>
            <line complexity="1" visibility="public" signature="getOptionValue(char,String) : String" num="245" count="1" type="method"/>
            <line num="247" count="1" type="stmt"/>
            <line complexity="5" visibility="public" signature="getOptionProperties(String) : Properties" num="263" count="5" type="method"/>
            <line num="265" count="5" type="stmt"/>
            <line num="267" count="5" type="stmt"/>
            <line num="269" count="21" type="stmt"/>
            <line falsecount="6" truecount="15" num="269" type="cond"/>
            <line num="271" count="15" type="stmt"/>
            <line num="272" count="15" type="stmt"/>
            <line falsecount="8" truecount="7" num="272" type="cond"/>
            <line num="275" count="7" type="stmt"/>
            <line num="277" count="8" type="stmt"/>
            <line falsecount="4" truecount="4" num="277" type="cond"/>
            <line num="280" count="4" type="stmt"/>
            <line num="285" count="5" type="stmt"/>
            <line complexity="1" visibility="public" signature="getArgs() : String[]" num="293" count="23" type="method"/>
            <line num="295" count="23" type="stmt"/>
            <line num="297" count="23" type="stmt"/>
            <line num="299" count="23" type="stmt"/>
            <line complexity="1" visibility="public" signature="getArgList() : List&lt;String&gt;" num="307" count="154" type="method"/>
            <line num="309" count="154" type="stmt"/>
            <line complexity="1" visibility="protected" signature="addArg(String) : void" num="339" count="147" type="method"/>
            <line num="341" count="147" type="stmt"/>
            <line complexity="1" visibility="protected" signature="addOption(Option) : void" num="349" count="498" type="method"/>
            <line num="351" count="498" type="stmt"/>
            <line complexity="1" visibility="public" signature="iterator() : Iterator&lt;Option&gt;" num="360" count="1" type="method"/>
            <line num="362" count="1" type="stmt"/>
            <line complexity="1" visibility="public" signature="getOptions() : Option[]" num="370" count="4" type="method"/>
            <line num="372" count="4" type="stmt"/>
            <line num="375" count="4" type="stmt"/>
            <line num="378" count="4" type="stmt"/>
            <line complexity="1" visibility="public" signature="addOption(Option) : Builder" num="401" count="1" type="method"/>
            <line num="403" count="1" type="stmt"/>
            <line num="404" count="1" type="stmt"/>
            <line complexity="1" visibility="public" signature="addArg(String) : Builder" num="414" count="2" type="method"/>
            <line num="416" count="2" type="stmt"/>
            <line num="417" count="2" type="stmt"/>
            <line complexity="1" visibility="public" signature="build() : CommandLine" num="420" count="1" type="method"/>
            <line num="422" count="1" type="stmt"/>
         </file>
         <file path="/Users/liyuanqi/Downloads/commons-cli-1.4-src/src/main/java/org/apache/commons/cli/CommandLineParser.java" name="CommandLineParser.java">
            <metrics coveredelements="0" coveredconditionals="0" complexity="0" loc="98" coveredmethods="0" methods="0" elements="0" classes="1" ncloc="6" statements="0" conditionals="0" coveredstatements="0"/>
            <class name="CommandLineParser">
               <metrics coveredelements="0" coveredconditionals="0" complexity="0" coveredmethods="0" methods="0" elements="0" statements="0" conditionals="0" coveredstatements="0"/>
            </class>
         </file>
         <file path="/Users/liyuanqi/Downloads/commons-cli-1.4-src/src/main/java/org/apache/commons/cli/DefaultParser.java" name="DefaultParser.java">
            <metrics coveredelements="294" coveredconditionals="98" complexity="93" loc="707" coveredmethods="23" methods="23" elements="300" classes="1" ncloc="406" statements="175" conditionals="102" coveredstatements="173"/>
            <class name="DefaultParser">
               <metrics coveredelements="294" coveredconditionals="98" complexity="93" coveredmethods="23" methods="23" elements="300" statements="175" conditionals="102" coveredstatements="173"/>
            </class>
            <line complexity="1" visibility="public" signature="parse(Options,String[]) : CommandLine" num="58" count="52" type="method"/>
            <line num="60" count="52" type="stmt"/>
            <line complexity="1" visibility="public" signature="parse(Options,String[],Properties) : CommandLine" num="74" count="63" type="method"/>
            <line num="76" count="63" type="stmt"/>
            <line complexity="1" visibility="public" signature="parse(Options,String[],boolean) : CommandLine" num="79" count="9" type="method"/>
            <line num="81" count="9" type="stmt"/>
            <line complexity="2" visibility="public" signature="parse(Options,String[],Properties,boolean) : CommandLine" num="99" count="72" type="method"/>
            <line num="102" count="72" type="stmt"/>
            <line num="103" count="72" type="stmt"/>
            <line num="104" count="72" type="stmt"/>
            <line num="105" count="72" type="stmt"/>
            <line num="106" count="72" type="stmt"/>
            <line num="109" count="72" type="stmt"/>
            <line num="111" count="5" type="stmt"/>
            <line num="114" count="72" type="stmt"/>
            <line num="116" count="72" type="stmt"/>
            <line falsecount="9" truecount="63" num="116" type="cond"/>
            <line num="118" count="63" type="stmt"/>
            <line num="120" count="129" type="stmt"/>
            <line num="125" count="62" type="stmt"/>
            <line num="128" count="59" type="stmt"/>
            <line num="130" count="58" type="stmt"/>
            <line num="132" count="54" type="stmt"/>
            <line complexity="12" visibility="private" signature="handleProperties(Properties) : void" num="140" count="59" type="method"/>
            <line num="142" count="59" type="stmt"/>
            <line falsecount="11" truecount="48" num="142" type="cond"/>
            <line num="144" count="48" type="stmt"/>
            <line num="147" count="11" type="stmt"/>
            <line falsecount="10" truecount="20" num="147" type="cond"/>
            <line num="149" count="20" type="stmt"/>
            <line num="151" count="20" type="stmt"/>
            <line num="152" count="20" type="stmt"/>
            <line falsecount="19" truecount="1" num="152" type="cond"/>
            <line num="154" count="1" type="stmt"/>
            <line num="158" count="19" type="stmt"/>
            <line num="159" count="19" type="stmt"/>
            <line num="161" count="19" type="stmt"/>
            <line falsecount="2" truecount="17" num="161" type="cond"/>
            <line num="164" count="17" type="stmt"/>
            <line num="166" count="17" type="stmt"/>
            <line falsecount="11" truecount="6" num="166" type="cond"/>
            <line num="168" count="6" type="stmt"/>
            <line falsecount="3" truecount="3" num="168" type="cond"/>
            <line num="170" count="3" type="stmt"/>
            <line num="173" count="11" type="stmt"/>
            <line falsecount="6" truecount="5" num="173" type="cond"/>
            <line num="178" count="5" type="stmt"/>
            <line num="181" count="12" type="stmt"/>
            <line num="182" count="12" type="stmt"/>
            <line complexity="2" visibility="private" signature="checkRequiredOptions() : void" num="194" count="58" type="method"/>
            <line num="197" count="58" type="stmt"/>
            <line falsecount="54" truecount="4" num="197" type="cond"/>
            <line num="199" count="4" type="stmt"/>
            <line complexity="3" visibility="private" signature="checkRequiredArgs() : void" num="207" count="145" type="method"/>
            <line num="209" count="145" type="stmt"/>
            <line falsecount="142" truecount="3" num="209" type="cond"/>
            <line num="211" count="3" type="stmt"/>
            <line complexity="11" visibility="private" signature="handleToken(String) : void" num="221" count="129" type="method"/>
            <line num="223" count="129" type="stmt"/>
            <line num="225" count="129" type="stmt"/>
            <line falsecount="115" truecount="14" num="225" type="cond"/>
            <line num="227" count="14" type="stmt"/>
            <line num="229" count="115" type="stmt"/>
            <line falsecount="113" truecount="2" num="229" type="cond"/>
            <line num="231" count="2" type="stmt"/>
            <line num="233" count="113" type="stmt"/>
            <line falsecount="92" truecount="21" num="233" type="cond"/>
            <line num="235" count="21" type="stmt"/>
            <line num="237" count="92" type="stmt"/>
            <line falsecount="75" truecount="17" num="237" type="cond"/>
            <line num="239" count="17" type="stmt"/>
            <line num="241" count="75" type="stmt"/>
            <line falsecount="15" truecount="60" num="241" type="cond"/>
            <line num="243" count="60" type="stmt"/>
            <line num="247" count="15" type="stmt"/>
            <line num="250" count="119" type="stmt"/>
            <line falsecount="101" truecount="18" num="250" type="cond"/>
            <line num="252" count="18" type="stmt"/>
            <line complexity="1" visibility="private" signature="isArgument(String) : boolean" num="261" count="26" type="method"/>
            <line num="263" count="26" type="stmt"/>
            <line complexity="2" visibility="private" signature="isNegativeNumber(String) : boolean" num="271" count="6" type="method"/>
            <line num="273" count="6" type="stmt"/>
            <line num="275" count="6" type="stmt"/>
            <line num="276" count="1" type="stmt"/>
            <line num="280" count="5" type="stmt"/>
            <line complexity="1" visibility="private" signature="isOption(String) : boolean" num="289" count="26" type="method"/>
            <line num="291" count="26" type="stmt"/>
            <line complexity="5" visibility="private" signature="isShortOption(String) : boolean" num="299" count="25" type="method"/>
            <line num="302" count="25" type="stmt"/>
            <line falsecount="7" truecount="18" num="302" type="cond"/>
            <line num="304" count="18" type="stmt"/>
            <line num="308" count="7" type="stmt"/>
            <line num="309" count="7" type="stmt"/>
            <line falsecount="0" truecount="7" num="309" type="cond"/>
            <line num="310" count="7" type="stmt"/>
            <line falsecount="3" truecount="4" num="310" type="cond"/>
            <line num="312" count="4" type="stmt"/>
            <line num="315" count="3" type="stmt"/>
            <line complexity="7" visibility="private" signature="isLongOption(String) : boolean" num="323" count="26" type="method"/>
            <line num="325" count="26" type="stmt"/>
            <line falsecount="8" truecount="18" num="325" type="cond"/>
            <line num="327" count="18" type="stmt"/>
            <line num="330" count="8" type="stmt"/>
            <line num="331" count="8" type="stmt"/>
            <line falsecount="0" truecount="8" num="331" type="cond"/>
            <line num="333" count="8" type="stmt"/>
            <line falsecount="8" truecount="0" num="333" type="cond"/>
            <line num="336" count="0" type="stmt"/>
            <line num="338" count="8" type="stmt"/>
            <line falsecount="7" truecount="1" num="338" type="cond"/>
            <line num="341" count="1" type="stmt"/>
            <line num="344" count="7" type="stmt"/>
            <line complexity="5" visibility="private" signature="handleUnknownToken(String) : void" num="356" count="24" type="method"/>
            <line num="358" count="24" type="stmt"/>
            <line falsecount="19" truecount="5" num="358" type="cond"/>
            <line num="360" count="5" type="stmt"/>
            <line num="363" count="19" type="stmt"/>
            <line num="364" count="19" type="stmt"/>
            <line falsecount="11" truecount="8" num="364" type="cond"/>
            <line num="366" count="8" type="stmt"/>
            <line complexity="2" visibility="private" signature="handleLongOption(String) : void" num="380" count="17" type="method"/>
            <line num="382" count="17" type="stmt"/>
            <line falsecount="5" truecount="12" num="382" type="cond"/>
            <line num="384" count="12" type="stmt"/>
            <line num="388" count="5" type="stmt"/>
            <line complexity="3" visibility="private" signature="handleLongOptionWithoutEqual(String) : void" num="402" count="15" type="method"/>
            <line num="404" count="15" type="stmt"/>
            <line num="405" count="15" type="stmt"/>
            <line falsecount="14" truecount="1" num="405" type="cond"/>
            <line num="407" count="1" type="stmt"/>
            <line num="409" count="14" type="stmt"/>
            <line falsecount="11" truecount="3" num="409" type="cond"/>
            <line num="411" count="3" type="stmt"/>
            <line num="415" count="11" type="stmt"/>
            <line complexity="4" visibility="private" signature="handleLongOptionWithEqual(String) : void" num="429" count="8" type="method"/>
            <line num="431" count="8" type="stmt"/>
            <line num="433" count="8" type="stmt"/>
            <line num="435" count="8" type="stmt"/>
            <line num="437" count="8" type="stmt"/>
            <line num="438" count="8" type="stmt"/>
            <line falsecount="7" truecount="1" num="438" type="cond"/>
            <line num="440" count="1" type="stmt"/>
            <line num="442" count="7" type="stmt"/>
            <line falsecount="5" truecount="2" num="442" type="cond"/>
            <line num="444" count="2" type="stmt"/>
            <line num="448" count="5" type="stmt"/>
            <line num="450" count="5" type="stmt"/>
            <line falsecount="1" truecount="4" num="450" type="cond"/>
            <line num="452" count="4" type="stmt"/>
            <line num="453" count="4" type="stmt"/>
            <line num="454" count="4" type="stmt"/>
            <line num="458" count="1" type="stmt"/>
            <line complexity="13" visibility="private" signature="handleShortAndLongOption(String) : void" num="482" count="60" type="method"/>
            <line num="484" count="60" type="stmt"/>
            <line num="486" count="60" type="stmt"/>
            <line num="488" count="60" type="stmt"/>
            <line falsecount="25" truecount="35" num="488" type="cond"/>
            <line num="491" count="35" type="stmt"/>
            <line falsecount="2" truecount="33" num="491" type="cond"/>
            <line num="493" count="33" type="stmt"/>
            <line num="497" count="2" type="stmt"/>
            <line num="500" count="25" type="stmt"/>
            <line falsecount="7" truecount="18" num="500" type="cond"/>
            <line num="503" count="18" type="stmt"/>
            <line falsecount="14" truecount="4" num="503" type="cond"/>
            <line num="505" count="4" type="stmt"/>
            <line num="507" count="14" type="stmt"/>
            <line falsecount="11" truecount="3" num="507" type="cond"/>
            <line num="510" count="3" type="stmt"/>
            <line num="515" count="11" type="stmt"/>
            <line num="517" count="11" type="stmt"/>
            <line falsecount="9" truecount="2" num="517" type="cond"/>
            <line num="519" count="2" type="stmt"/>
            <line num="520" count="2" type="stmt"/>
            <line num="521" count="2" type="stmt"/>
            <line num="523" count="9" type="stmt"/>
            <line falsecount="8" truecount="1" num="523" type="cond"/>
            <line num="526" count="1" type="stmt"/>
            <line num="527" count="1" type="stmt"/>
            <line num="528" count="1" type="stmt"/>
            <line num="533" count="8" type="stmt"/>
            <line num="540" count="7" type="stmt"/>
            <line num="541" count="7" type="stmt"/>
            <line num="543" count="7" type="stmt"/>
            <line falsecount="5" truecount="2" num="543" type="cond"/>
            <line num="546" count="2" type="stmt"/>
            <line num="547" count="2" type="stmt"/>
            <line falsecount="1" truecount="1" num="547" type="cond"/>
            <line num="549" count="1" type="stmt"/>
            <line num="550" count="1" type="stmt"/>
            <line num="551" count="1" type="stmt"/>
            <line num="555" count="1" type="stmt"/>
            <line num="558" count="5" type="stmt"/>
            <line falsecount="3" truecount="2" num="558" type="cond"/>
            <line num="561" count="2" type="stmt"/>
            <line num="562" count="2" type="stmt"/>
            <line num="563" count="2" type="stmt"/>
            <line num="564" count="2" type="stmt"/>
            <line num="569" count="3" type="stmt"/>
            <line complexity="3" visibility="private" signature="getLongPrefix(String) : String" num="579" count="19" type="method"/>
            <line num="581" count="19" type="stmt"/>
            <line num="583" count="19" type="stmt"/>
            <line num="584" count="19" type="stmt"/>
            <line num="585" count="19" type="stmt"/>
            <line falsecount="15" truecount="27" num="585" type="cond"/>
            <line num="587" count="27" type="stmt"/>
            <line num="588" count="27" type="stmt"/>
            <line falsecount="23" truecount="4" num="588" type="cond"/>
            <line num="590" count="4" type="stmt"/>
            <line num="591" count="4" type="stmt"/>
            <line num="595" count="19" type="stmt"/>
            <line complexity="1" visibility="private" signature="isJavaProperty(String) : boolean" num="601" count="14" type="method"/>
            <line num="603" count="14" type="stmt"/>
            <line num="604" count="14" type="stmt"/>
            <line num="606" count="14" type="stmt"/>
            <line complexity="2" visibility="private" signature="handleOption(Option) : void" num="609" count="83" type="method"/>
            <line num="612" count="83" type="stmt"/>
            <line num="614" count="83" type="stmt"/>
            <line num="616" count="83" type="stmt"/>
            <line num="618" count="83" type="stmt"/>
            <line num="620" count="83" type="stmt"/>
            <line falsecount="38" truecount="45" num="620" type="cond"/>
            <line num="622" count="45" type="stmt"/>
            <line num="626" count="38" type="stmt"/>
            <line complexity="4" visibility="private" signature="updateRequiredOptions(Option) : void" num="635" count="83" type="method"/>
            <line num="637" count="83" type="stmt"/>
            <line falsecount="78" truecount="5" num="637" type="cond"/>
            <line num="639" count="5" type="stmt"/>
            <line num="643" count="83" type="stmt"/>
            <line falsecount="79" truecount="4" num="643" type="cond"/>
            <line num="645" count="4" type="stmt"/>
            <line num="647" count="4" type="stmt"/>
            <line falsecount="4" truecount="0" num="647" type="cond"/>
            <line num="649" count="0" type="stmt"/>
            <line num="652" count="4" type="stmt"/>
            <line complexity="7" visibility="protected" signature="handleConcatenatedOptions(String) : void" num="683" count="8" type="method"/>
            <line num="685" count="8" type="stmt"/>
            <line falsecount="2" truecount="16" num="685" type="cond"/>
            <line num="687" count="16" type="stmt"/>
            <line num="689" count="16" type="stmt"/>
            <line falsecount="3" truecount="13" num="689" type="cond"/>
            <line num="691" count="13" type="stmt"/>
            <line num="693" count="13" type="stmt"/>
            <line falsecount="10" truecount="3" num="693" type="cond"/>
            <line num="696" count="3" type="stmt"/>
            <line num="697" count="3" type="stmt"/>
            <line num="702" count="3" type="stmt"/>
            <line falsecount="2" truecount="1" num="702" type="cond"/>
            <line num="703" count="1" type="stmt"/>
         </file>
         <file path="/Users/liyuanqi/Downloads/commons-cli-1.4-src/src/main/java/org/apache/commons/cli/GnuParser.java" name="GnuParser.java">
            <metrics coveredelements="45" coveredconditionals="18" complexity="11" loc="115" coveredmethods="1" methods="1" elements="45" classes="1" ncloc="64" statements="26" conditionals="18" coveredstatements="26"/>
            <class name="GnuParser">
               <metrics coveredelements="45" coveredconditionals="18" complexity="11" coveredmethods="1" methods="1" elements="45" statements="26" conditionals="18" coveredstatements="26"/>
            </class>
            <line complexity="11" visibility="protected" signature="flatten(Options,String[],boolean) : String[]" num="50" count="50" type="method"/>
            <line num="53" count="50" type="stmt"/>
            <line num="55" count="50" type="stmt"/>
            <line num="57" count="50" type="stmt"/>
            <line falsecount="50" truecount="104" num="57" type="cond"/>
            <line num="59" count="104" type="stmt"/>
            <line num="61" count="104" type="stmt"/>
            <line falsecount="103" truecount="1" num="61" type="cond"/>
            <line num="63" count="1" type="stmt"/>
            <line num="64" count="1" type="stmt"/>
            <line num="66" count="103" type="stmt"/>
            <line falsecount="101" truecount="2" num="66" type="cond"/>
            <line num="68" count="2" type="stmt"/>
            <line num="70" count="101" type="stmt"/>
            <line falsecount="33" truecount="68" num="70" type="cond"/>
            <line num="72" count="68" type="stmt"/>
            <line num="74" count="68" type="stmt"/>
            <line falsecount="20" truecount="48" num="74" type="cond"/>
            <line num="76" count="48" type="stmt"/>
            <line num="80" count="20" type="stmt"/>
            <line falsecount="17" truecount="3" num="80" type="cond"/>
            <line num="83" count="3" type="stmt"/>
            <line num="84" count="3" type="stmt"/>
            <line num="86" count="17" type="stmt"/>
            <line falsecount="7" truecount="10" num="86" type="cond"/>
            <line num="89" count="10" type="stmt"/>
            <line num="90" count="10" type="stmt"/>
            <line num="94" count="7" type="stmt"/>
            <line num="95" count="7" type="stmt"/>
            <line num="101" count="33" type="stmt"/>
            <line num="104" count="104" type="stmt"/>
            <line falsecount="99" truecount="5" num="104" type="cond"/>
            <line num="106" count="5" type="stmt"/>
            <line falsecount="5" truecount="7" num="106" type="cond"/>
            <line num="108" count="7" type="stmt"/>
            <line num="113" count="50" type="stmt"/>
         </file>
         <file path="/Users/liyuanqi/Downloads/commons-cli-1.4-src/src/main/java/org/apache/commons/cli/HelpFormatter.java" name="HelpFormatter.java">
            <metrics coveredelements="294" coveredconditionals="87" complexity="103" loc="1094" coveredmethods="38" methods="42" elements="310" classes="2" ncloc="462" statements="174" conditionals="94" coveredstatements="169"/>
            <class name="HelpFormatter">
               <metrics coveredelements="292" coveredconditionals="87" complexity="102" coveredmethods="37" methods="41" elements="308" statements="173" conditionals="94" coveredstatements="168"/>
            </class>
            <class name="HelpFormatter.OptionComparator">
               <metrics coveredelements="2" coveredconditionals="0" complexity="1" coveredmethods="1" methods="1" elements="2" statements="1" conditionals="0" coveredstatements="1"/>
            </class>
            <line complexity="1" visibility="public" signature="setWidth(int) : void" num="195" count="1" type="method"/>
            <line num="197" count="1" type="stmt"/>
            <line complexity="1" visibility="public" signature="getWidth() : int" num="205" count="4" type="method"/>
            <line num="207" count="4" type="stmt"/>
            <line complexity="1" visibility="public" signature="setLeftPadding(int) : void" num="215" count="1" type="method"/>
            <line num="217" count="1" type="stmt"/>
            <line complexity="1" visibility="public" signature="getLeftPadding() : int" num="225" count="4" type="method"/>
            <line num="227" count="4" type="stmt"/>
            <line complexity="1" visibility="public" signature="setDescPadding(int) : void" num="235" count="1" type="method"/>
            <line num="237" count="1" type="stmt"/>
            <line complexity="1" visibility="public" signature="getDescPadding() : int" num="245" count="4" type="method"/>
            <line num="247" count="4" type="stmt"/>
            <line complexity="1" visibility="public" signature="setSyntaxPrefix(String) : void" num="255" count="1" type="method"/>
            <line num="257" count="1" type="stmt"/>
            <line complexity="1" visibility="public" signature="getSyntaxPrefix() : String" num="265" count="30" type="method"/>
            <line num="267" count="30" type="stmt"/>
            <line complexity="1" visibility="public" signature="setNewLine(String) : void" num="275" count="1" type="method"/>
            <line num="277" count="1" type="stmt"/>
            <line complexity="1" visibility="public" signature="getNewLine() : String" num="285" count="156" type="method"/>
            <line num="287" count="156" type="stmt"/>
            <line complexity="1" visibility="public" signature="setOptPrefix(String) : void" num="295" count="1" type="method"/>
            <line num="297" count="1" type="stmt"/>
            <line complexity="1" visibility="public" signature="getOptPrefix() : String" num="305" count="71" type="method"/>
            <line num="307" count="71" type="stmt"/>
            <line complexity="1" visibility="public" signature="setLongOptPrefix(String) : void" num="315" count="1" type="method"/>
            <line num="317" count="1" type="stmt"/>
            <line complexity="1" visibility="public" signature="getLongOptPrefix() : String" num="325" count="69" type="method"/>
            <line num="327" count="69" type="stmt"/>
            <line complexity="1" visibility="public" signature="setLongOptSeparator(String) : void" num="338" count="2" type="method"/>
            <line num="340" count="2" type="stmt"/>
            <line complexity="1" visibility="public" signature="getLongOptSeparator() : String" num="349" count="2" type="method"/>
            <line num="351" count="2" type="stmt"/>
            <line complexity="1" visibility="public" signature="setArgName(String) : void" num="359" count="2" type="method"/>
            <line num="361" count="2" type="stmt"/>
            <line complexity="1" visibility="public" signature="getArgName() : String" num="369" count="43" type="method"/>
            <line num="371" count="43" type="stmt"/>
            <line complexity="1" visibility="public" signature="getOptionComparator() : Comparator&lt;Option&gt;" num="381" count="68" type="method"/>
            <line num="383" count="68" type="stmt"/>
            <line complexity="1" visibility="public" signature="setOptionComparator(Comparator&lt;Option&gt;) : void" num="393" count="2" type="method"/>
            <line num="395" count="2" type="stmt"/>
            <line complexity="1" visibility="public" signature="printHelp(String,Options) : void" num="406" count="3" type="method"/>
            <line num="408" count="3" type="stmt"/>
            <line complexity="1" visibility="public" signature="printHelp(String,Options,boolean) : void" num="421" count="0" type="method"/>
            <line num="423" count="0" type="stmt"/>
            <line complexity="1" visibility="public" signature="printHelp(String,String,Options,String) : void" num="436" count="0" type="method"/>
            <line num="438" count="0" type="stmt"/>
            <line complexity="1" visibility="public" signature="printHelp(String,String,Options,String,boolean) : void" num="453" count="0" type="method"/>
            <line num="455" count="0" type="stmt"/>
            <line complexity="1" visibility="public" signature="printHelp(int,String,String,Options,String) : void" num="469" count="0" type="method"/>
            <line num="471" count="0" type="stmt"/>
            <line complexity="1" visibility="public" signature="printHelp(int,String,String,Options,String,boolean) : void" num="487" count="3" type="method"/>
            <line num="490" count="3" type="stmt"/>
            <line num="492" count="3" type="stmt"/>
            <line num="493" count="1" type="stmt"/>
            <line complexity="1" visibility="public" signature="printHelp(PrintWriter,int,String,String,Options,int,int,String) : void" num="513" count="5" type="method"/>
            <line num="517" count="5" type="stmt"/>
            <line complexity="8" visibility="public" signature="printHelp(PrintWriter,int,String,String,Options,int,int,String,boolean) : void" num="540" count="14" type="method"/>
            <line num="544" count="14" type="stmt"/>
            <line falsecount="12" truecount="2" num="544" type="cond"/>
            <line num="546" count="2" type="stmt"/>
            <line num="549" count="12" type="stmt"/>
            <line falsecount="7" truecount="5" num="549" type="cond"/>
            <line num="551" count="5" type="stmt"/>
            <line num="555" count="7" type="stmt"/>
            <line num="558" count="12" type="stmt"/>
            <line falsecount="5" truecount="7" num="558" type="cond"/>
            <line num="560" count="7" type="stmt"/>
            <line num="563" count="12" type="stmt"/>
            <line num="565" count="12" type="stmt"/>
            <line falsecount="5" truecount="7" num="565" type="cond"/>
            <line num="567" count="7" type="stmt"/>
            <line complexity="6" visibility="public" signature="printUsage(PrintWriter,int,String,Options) : void" num="579" count="15" type="method"/>
            <line num="582" count="15" type="stmt"/>
            <line num="585" count="15" type="stmt"/>
            <line num="587" count="15" type="stmt"/>
            <line num="588" count="15" type="stmt"/>
            <line falsecount="1" truecount="14" num="588" type="cond"/>
            <line num="590" count="14" type="stmt"/>
            <line num="593" count="15" type="stmt"/>
            <line falsecount="15" truecount="38" num="593" type="cond"/>
            <line num="596" count="38" type="stmt"/>
            <line num="599" count="38" type="stmt"/>
            <line num="602" count="38" type="stmt"/>
            <line falsecount="32" truecount="6" num="602" type="cond"/>
            <line num="605" count="6" type="stmt"/>
            <line falsecount="4" truecount="2" num="605" type="cond"/>
            <line num="608" count="2" type="stmt"/>
            <line num="612" count="2" type="stmt"/>
            <line num="622" count="32" type="stmt"/>
            <line num="625" count="38" type="stmt"/>
            <line falsecount="13" truecount="25" num="625" type="cond"/>
            <line num="627" count="25" type="stmt"/>
            <line num="633" count="15" type="stmt"/>
            <line complexity="6" visibility="private" signature="appendOptionGroup(StringBuffer,OptionGroup) : void" num="644" count="2" type="method"/>
            <line num="646" count="2" type="stmt"/>
            <line falsecount="1" truecount="1" num="646" type="cond"/>
            <line num="648" count="1" type="stmt"/>
            <line num="651" count="2" type="stmt"/>
            <line num="652" count="2" type="stmt"/>
            <line falsecount="0" truecount="2" num="652" type="cond"/>
            <line num="654" count="2" type="stmt"/>
            <line num="657" count="2" type="stmt"/>
            <line falsecount="2" truecount="6" num="657" type="cond"/>
            <line num="660" count="6" type="stmt"/>
            <line num="662" count="6" type="stmt"/>
            <line falsecount="2" truecount="4" num="662" type="cond"/>
            <line num="664" count="4" type="stmt"/>
            <line num="668" count="2" type="stmt"/>
            <line falsecount="1" truecount="1" num="668" type="cond"/>
            <line num="670" count="1" type="stmt"/>
            <line complexity="9" visibility="private" signature="appendOption(StringBuffer,Option,boolean) : void" num="681" count="38" type="method"/>
            <line num="683" count="38" type="stmt"/>
            <line falsecount="8" truecount="30" num="683" type="cond"/>
            <line num="685" count="30" type="stmt"/>
            <line num="688" count="38" type="stmt"/>
            <line falsecount="4" truecount="34" num="688" type="cond"/>
            <line num="690" count="34" type="stmt"/>
            <line num="694" count="4" type="stmt"/>
            <line num="698" count="38" type="stmt"/>
            <line falsecount="29" truecount="9" num="698" type="cond"/>
            <line num="700" count="9" type="stmt"/>
            <line falsecount="7" truecount="2" num="700" type="cond"/>
            <line num="701" count="9" type="stmt"/>
            <line falsecount="8" truecount="1" num="701" type="cond"/>
            <line num="705" count="38" type="stmt"/>
            <line falsecount="8" truecount="30" num="705" type="cond"/>
            <line num="707" count="30" type="stmt"/>
            <line complexity="1" visibility="public" signature="printUsage(PrintWriter,int,String) : void" num="719" count="7" type="method"/>
            <line num="721" count="7" type="stmt"/>
            <line num="723" count="7" type="stmt"/>
            <line complexity="1" visibility="public" signature="printOptions(PrintWriter,int,Options,int,int) : void" num="738" count="12" type="method"/>
            <line num="741" count="12" type="stmt"/>
            <line num="743" count="12" type="stmt"/>
            <line num="744" count="12" type="stmt"/>
            <line complexity="1" visibility="public" signature="printWrapped(PrintWriter,int,String) : void" num="754" count="14" type="method"/>
            <line num="756" count="14" type="stmt"/>
            <line complexity="1" visibility="public" signature="printWrapped(PrintWriter,int,int,String) : void" num="767" count="36" type="method"/>
            <line num="769" count="36" type="stmt"/>
            <line num="771" count="36" type="stmt"/>
            <line num="772" count="36" type="stmt"/>
            <line complexity="14" visibility="protected" signature="renderOptions(StringBuffer,int,Options,int,int) : StringBuffer" num="791" count="17" type="method"/>
            <line num="793" count="17" type="stmt"/>
            <line num="794" count="17" type="stmt"/>
            <line num="800" count="17" type="stmt"/>
            <line num="801" count="17" type="stmt"/>
            <line num="803" count="17" type="stmt"/>
            <line num="805" count="17" type="stmt"/>
            <line falsecount="0" truecount="17" num="805" type="cond"/>
            <line num="807" count="17" type="stmt"/>
            <line num="810" count="17" type="stmt"/>
            <line num="812" count="75" type="stmt"/>
            <line num="814" count="75" type="stmt"/>
            <line falsecount="70" truecount="5" num="814" type="cond"/>
            <line num="816" count="5" type="stmt"/>
            <line num="820" count="70" type="stmt"/>
            <line num="822" count="70" type="stmt"/>
            <line falsecount="7" truecount="63" num="822" type="cond"/>
            <line num="824" count="63" type="stmt"/>
            <line num="828" count="75" type="stmt"/>
            <line falsecount="40" truecount="35" num="828" type="cond"/>
            <line num="830" count="35" type="stmt"/>
            <line num="831" count="35" type="stmt"/>
            <line falsecount="35" truecount="0" num="831" type="cond"/>
            <line num="834" count="0" type="stmt"/>
            <line num="838" count="35" type="stmt"/>
            <line falsecount="2" truecount="33" num="838" type="cond"/>
            <line num="839" count="35" type="stmt"/>
            <line falsecount="34" truecount="1" num="839" type="cond"/>
            <line num="843" count="75" type="stmt"/>
            <line num="844" count="75" type="stmt"/>
            <line falsecount="47" truecount="28" num="844" type="cond"/>
            <line num="847" count="17" type="stmt"/>
            <line num="849" count="17" type="stmt"/>
            <line falsecount="17" truecount="75" num="849" type="cond"/>
            <line num="851" count="75" type="stmt"/>
            <line num="852" count="75" type="stmt"/>
            <line num="854" count="75" type="stmt"/>
            <line falsecount="19" truecount="56" num="854" type="cond"/>
            <line num="856" count="56" type="stmt"/>
            <line num="859" count="75" type="stmt"/>
            <line num="861" count="75" type="stmt"/>
            <line num="863" count="75" type="stmt"/>
            <line falsecount="0" truecount="75" num="863" type="cond"/>
            <line num="865" count="75" type="stmt"/>
            <line num="868" count="75" type="stmt"/>
            <line num="870" count="75" type="stmt"/>
            <line falsecount="15" truecount="60" num="870" type="cond"/>
            <line num="872" count="60" type="stmt"/>
            <line num="876" count="17" type="stmt"/>
            <line complexity="6" visibility="protected" signature="renderWrappedText(StringBuffer,int,int,String) : StringBuffer" num="890" count="121" type="method"/>
            <line num="893" count="121" type="stmt"/>
            <line num="895" count="121" type="stmt"/>
            <line falsecount="46" truecount="75" num="895" type="cond"/>
            <line num="897" count="75" type="stmt"/>
            <line num="899" count="75" type="stmt"/>
            <line num="901" count="46" type="stmt"/>
            <line num="903" count="46" type="stmt"/>
            <line falsecount="45" truecount="1" num="903" type="cond"/>
            <line num="906" count="1" type="stmt"/>
            <line num="910" count="46" type="stmt"/>
            <line num="912" count="46" type="stmt"/>
            <line num="914" count="91" type="stmt"/>
            <line num="915" count="91" type="stmt"/>
            <line num="917" count="91" type="stmt"/>
            <line falsecount="45" truecount="46" num="917" type="cond"/>
            <line num="919" count="46" type="stmt"/>
            <line num="921" count="46" type="stmt"/>
            <line num="924" count="45" type="stmt"/>
            <line falsecount="31" truecount="14" num="924" type="cond"/>
            <line num="926" count="14" type="stmt"/>
            <line num="929" count="45" type="stmt"/>
            <line complexity="4" visibility="private" signature="renderWrappedTextBlock(StringBuffer,int,int,String) : Appendable" num="942" count="36" type="method"/>
            <line num="944" count="36" type="stmt"/>
            <line num="946" count="36" type="stmt"/>
            <line num="947" count="36" type="stmt"/>
            <line num="948" count="36" type="stmt"/>
            <line num="949" count="36" type="stmt"/>
            <line falsecount="0" truecount="0" num="949" type="cond"/>
            <line num="951" count="40" type="stmt"/>
            <line falsecount="36" truecount="4" num="951" type="cond"/>
            <line num="953" count="4" type="stmt"/>
            <line num="957" count="36" type="stmt"/>
            <line num="959" count="40" type="stmt"/>
            <line num="967" count="36" type="stmt"/>
            <line complexity="12" visibility="protected" signature="findWrapPos(String,int,int) : int" num="984" count="219" type="method"/>
            <line num="987" count="219" type="stmt"/>
            <line num="988" count="219" type="stmt"/>
            <line falsecount="212" truecount="7" num="988" type="cond"/>
            <line num="990" count="7" type="stmt"/>
            <line num="993" count="212" type="stmt"/>
            <line num="994" count="212" type="stmt"/>
            <line falsecount="211" truecount="1" num="994" type="cond"/>
            <line num="996" count="1" type="stmt"/>
            <line num="999" count="211" type="stmt"/>
            <line falsecount="88" truecount="123" num="999" type="cond"/>
            <line num="1001" count="123" type="stmt"/>
            <line num="1005" count="88" type="stmt"/>
            <line falsecount="2" truecount="661" num="1005" type="cond"/>
            <line num="1007" count="661" type="stmt"/>
            <line num="1008" count="661" type="stmt"/>
            <line falsecount="575" truecount="86" num="1008" type="cond"/>
            <line num="1010" count="86" type="stmt"/>
            <line num="1015" count="88" type="stmt"/>
            <line falsecount="2" truecount="86" num="1015" type="cond"/>
            <line num="1017" count="86" type="stmt"/>
            <line num="1021" count="2" type="stmt"/>
            <line num="1023" count="2" type="stmt"/>
            <line falsecount="2" truecount="0" num="1023" type="cond"/>
            <line complexity="1" visibility="protected" signature="createPadding(int) : String" num="1033" count="142" type="method"/>
            <line num="1035" count="142" type="stmt"/>
            <line num="1036" count="142" type="stmt"/>
            <line num="1038" count="142" type="stmt"/>
            <line complexity="5" visibility="protected" signature="rtrim(String) : String" num="1048" count="169" type="method"/>
            <line num="1050" count="169" type="stmt"/>
            <line falsecount="166" truecount="3" num="1050" type="cond"/>
            <line num="1052" count="3" type="stmt"/>
            <line num="1055" count="166" type="stmt"/>
            <line num="1057" count="166" type="stmt"/>
            <line falsecount="166" truecount="18" num="1057" type="cond"/>
            <line num="1059" count="18" type="stmt"/>
            <line num="1062" count="166" type="stmt"/>
            <line complexity="1" visibility="public" signature="compare(Option,Option) : int" num="1088" count="246" type="method"/>
            <line num="1090" count="246" type="stmt"/>
         </file>
         <file path="/Users/liyuanqi/Downloads/commons-cli-1.4-src/src/main/java/org/apache/commons/cli/MissingArgumentException.java" name="MissingArgumentException.java">
            <metrics coveredelements="7" coveredconditionals="0" complexity="3" loc="71" coveredmethods="3" methods="3" elements="7" classes="1" ncloc="19" statements="4" conditionals="0" coveredstatements="4"/>
            <class name="MissingArgumentException">
               <metrics coveredelements="7" coveredconditionals="0" complexity="3" coveredmethods="3" methods="3" elements="7" statements="4" conditionals="0" coveredstatements="4"/>
            </class>
            <line complexity="1" visibility="public" signature="MissingArgumentException(String)" num="42" count="9" type="method"/>
            <line num="44" count="9" type="stmt"/>
            <line complexity="1" visibility="public" signature="MissingArgumentException(Option)" num="54" count="9" type="method"/>
            <line num="56" count="9" type="stmt"/>
            <line num="57" count="9" type="stmt"/>
            <line complexity="1" visibility="public" signature="getOption() : Option" num="67" count="9" type="method"/>
            <line num="69" count="9" type="stmt"/>
         </file>
         <file path="/Users/liyuanqi/Downloads/commons-cli-1.4-src/src/main/java/org/apache/commons/cli/MissingOptionException.java" name="MissingOptionException.java">
            <metrics coveredelements="23" coveredconditionals="6" complexity="7" loc="96" coveredmethods="4" methods="4" elements="23" classes="1" ncloc="37" statements="13" conditionals="6" coveredstatements="13"/>
            <class name="MissingOptionException">
               <metrics coveredelements="23" coveredconditionals="6" complexity="7" coveredmethods="4" methods="4" elements="23" statements="13" conditionals="6" coveredstatements="13"/>
            </class>
            <line complexity="1" visibility="public" signature="MissingOptionException(String)" num="42" count="21" type="method"/>
            <line num="44" count="21" type="stmt"/>
            <line complexity="1" visibility="public" signature="MissingOptionException(List)" num="54" count="21" type="method"/>
            <line num="56" count="21" type="stmt"/>
            <line num="57" count="21" type="stmt"/>
            <line complexity="1" visibility="public" signature="getMissingOptions() : List" num="67" count="22" type="method"/>
            <line num="69" count="22" type="stmt"/>
            <line complexity="4" visibility="private" signature="createMessage(List&lt;?&gt;) : String" num="78" count="21" type="method"/>
            <line num="80" count="21" type="stmt"/>
            <line num="81" count="21" type="stmt"/>
            <line falsecount="5" truecount="16" num="81" type="cond"/>
            <line num="82" count="21" type="stmt"/>
            <line num="84" count="21" type="stmt"/>
            <line num="85" count="21" type="stmt"/>
            <line falsecount="21" truecount="26" num="85" type="cond"/>
            <line num="87" count="26" type="stmt"/>
            <line num="88" count="26" type="stmt"/>
            <line falsecount="21" truecount="5" num="88" type="cond"/>
            <line num="90" count="5" type="stmt"/>
            <line num="94" count="21" type="stmt"/>
         </file>
         <file path="/Users/liyuanqi/Downloads/commons-cli-1.4-src/src/main/java/org/apache/commons/cli/Option.java" name="Option.java">
            <metrics coveredelements="226" coveredconditionals="44" complexity="93" loc="1015" coveredmethods="59" methods="63" elements="253" classes="2" ncloc="404" statements="136" conditionals="54" coveredstatements="123"/>
            <class name="Option">
               <metrics coveredelements="182" coveredconditionals="40" complexity="75" coveredmethods="45" methods="48" elements="206" statements="108" conditionals="50" coveredstatements="97"/>
            </class>
            <class name="Option.Builder">
               <metrics coveredelements="44" coveredconditionals="4" complexity="18" coveredmethods="14" methods="15" elements="47" statements="28" conditionals="4" coveredstatements="26"/>
            </class>
            <line complexity="1" visibility="private" signature="Option(Builder)" num="88" count="91" type="method"/>
            <line num="90" count="91" type="stmt"/>
            <line num="91" count="91" type="stmt"/>
            <line num="92" count="91" type="stmt"/>
            <line num="93" count="91" type="stmt"/>
            <line num="94" count="91" type="stmt"/>
            <line num="95" count="91" type="stmt"/>
            <line num="96" count="91" type="stmt"/>
            <line num="97" count="91" type="stmt"/>
            <line num="98" count="91" type="stmt"/>
            <line complexity="1" visibility="public" signature="Option(String,String)" num="111" count="371" type="method"/>
            <line num="113" count="371" type="stmt"/>
            <line complexity="1" visibility="public" signature="Option(String,boolean,String)" num="126" count="6" type="method"/>
            <line num="128" count="6" type="stmt"/>
            <line complexity="2" visibility="public" signature="Option(String,String,boolean,String)" num="142" count="1244" type="method"/>
            <line num="146" count="1244" type="stmt"/>
            <line num="148" count="1240" type="stmt"/>
            <line num="149" count="1240" type="stmt"/>
            <line num="152" count="1240" type="stmt"/>
            <line falsecount="968" truecount="272" num="152" type="cond"/>
            <line num="154" count="272" type="stmt"/>
            <line num="157" count="1240" type="stmt"/>
            <line complexity="1" visibility="public" signature="getId() : int" num="167" count="2" type="method"/>
            <line num="169" count="2" type="stmt"/>
            <line complexity="2" visibility="package" signature="getKey() : String" num="177" count="2797" type="method"/>
            <line num="180" count="2797" type="stmt"/>
            <line falsecount="2530" truecount="267" num="180" type="cond"/>
            <line complexity="1" visibility="public" signature="getOpt() : String" num="193" count="1678" type="method"/>
            <line num="195" count="1678" type="stmt"/>
            <line complexity="1" visibility="public" signature="getType() : Object" num="203" count="46" type="method"/>
            <line num="205" count="46" type="stmt"/>
            <line complexity="1" visibility="public" signature="setType(Object) : void" num="217" count="0" type="method"/>
            <line num="220" count="0" type="stmt"/>
            <line complexity="1" visibility="public" signature="setType(Class&lt;?&gt;) : void" num="229" count="338" type="method"/>
            <line num="231" count="338" type="stmt"/>
            <line complexity="1" visibility="public" signature="getLongOpt() : String" num="239" count="2100" type="method"/>
            <line num="241" count="2100" type="stmt"/>
            <line complexity="1" visibility="public" signature="setLongOpt(String) : void" num="249" count="338" type="method"/>
            <line num="251" count="338" type="stmt"/>
            <line complexity="1" visibility="public" signature="setOptionalArg(boolean) : void" num="260" count="340" type="method"/>
            <line num="262" count="340" type="stmt"/>
            <line complexity="1" visibility="public" signature="hasOptionalArg() : boolean" num="268" count="31" type="method"/>
            <line num="270" count="31" type="stmt"/>
            <line complexity="1" visibility="public" signature="hasLongOpt() : boolean" num="278" count="1395" type="method"/>
            <line num="280" count="1395" type="stmt"/>
            <line complexity="1" visibility="public" signature="hasArg() : boolean" num="288" count="1175" type="method"/>
            <line num="290" count="1175" type="stmt"/>
            <line complexity="1" visibility="public" signature="getDescription() : String" num="298" count="206" type="method"/>
            <line num="300" count="206" type="stmt"/>
            <line complexity="1" visibility="public" signature="setDescription(String) : void" num="309" count="1" type="method"/>
            <line num="311" count="1" type="stmt"/>
            <line complexity="1" visibility="public" signature="isRequired() : boolean" num="319" count="1841" type="method"/>
            <line num="321" count="1841" type="stmt"/>
            <line complexity="1" visibility="public" signature="setRequired(boolean) : void" num="329" count="484" type="method"/>
            <line num="331" count="484" type="stmt"/>
            <line complexity="1" visibility="public" signature="setArgName(String) : void" num="339" count="350" type="method"/>
            <line num="341" count="350" type="stmt"/>
            <line complexity="1" visibility="public" signature="getArgName() : String" num="349" count="72" type="method"/>
            <line num="351" count="72" type="stmt"/>
            <line complexity="1" visibility="public" signature="hasArgName() : boolean" num="359" count="3" type="method"/>
            <line num="361" count="3" type="stmt"/>
            <line complexity="1" visibility="public" signature="hasArgs() : boolean" num="369" count="15" type="method"/>
            <line num="371" count="15" type="stmt"/>
            <line complexity="1" visibility="public" signature="setArgs(int) : void" num="379" count="347" type="method"/>
            <line num="381" count="347" type="stmt"/>
            <line complexity="1" visibility="public" signature="setValueSeparator(char) : void" num="390" count="338" type="method"/>
            <line num="392" count="338" type="stmt"/>
            <line complexity="1" visibility="public" signature="getValueSeparator() : char" num="400" count="84" type="method"/>
            <line num="402" count="84" type="stmt"/>
            <line complexity="1" visibility="public" signature="hasValueSeparator() : boolean" num="411" count="321" type="method"/>
            <line num="413" count="321" type="stmt"/>
            <line complexity="1" visibility="public" signature="getArgs() : int" num="430" count="37" type="method"/>
            <line num="432" count="37" type="stmt"/>
            <line complexity="2" visibility="package" signature="addValueForProcessing(String) : void" num="440" count="321" type="method"/>
            <line num="442" count="321" type="stmt"/>
            <line falsecount="321" truecount="0" num="442" type="cond"/>
            <line num="444" count="0" type="stmt"/>
            <line num="446" count="321" type="stmt"/>
            <line complexity="4" visibility="private" signature="processValue(String) : void" num="460" count="321" type="method"/>
            <line num="463" count="321" type="stmt"/>
            <line falsecount="251" truecount="70" num="463" type="cond"/>
            <line num="466" count="70" type="stmt"/>
            <line num="469" count="70" type="stmt"/>
            <line num="472" count="70" type="stmt"/>
            <line falsecount="70" truecount="52" num="472" type="cond"/>
            <line num="475" count="52" type="stmt"/>
            <line falsecount="52" truecount="0" num="475" type="cond"/>
            <line num="477" count="0" type="stmt"/>
            <line num="481" count="52" type="stmt"/>
            <line num="484" count="52" type="stmt"/>
            <line num="487" count="52" type="stmt"/>
            <line num="492" count="321" type="stmt"/>
            <line complexity="2" visibility="private" signature="add(String) : void" num="504" count="373" type="method"/>
            <line num="506" count="373" type="stmt"/>
            <line falsecount="355" truecount="18" num="506" type="cond"/>
            <line num="508" count="18" type="stmt"/>
            <line num="512" count="355" type="stmt"/>
            <line complexity="2" visibility="public" signature="getValue() : String" num="522" count="4" type="method"/>
            <line num="524" count="4" type="stmt"/>
            <line falsecount="2" truecount="2" num="524" type="cond"/>
            <line complexity="2" visibility="public" signature="getValue(int) : String" num="539" count="7" type="method"/>
            <line num="541" count="7" type="stmt"/>
            <line falsecount="6" truecount="1" num="541" type="cond"/>
            <line complexity="2" visibility="public" signature="getValue(String) : String" num="554" count="2" type="method"/>
            <line num="556" count="2" type="stmt"/>
            <line num="558" count="2" type="stmt"/>
            <line falsecount="1" truecount="1" num="558" type="cond"/>
            <line complexity="2" visibility="public" signature="getValues() : String[]" num="568" count="261" type="method"/>
            <line num="570" count="261" type="stmt"/>
            <line falsecount="225" truecount="36" num="570" type="cond"/>
            <line complexity="1" visibility="public" signature="getValuesList() : List&lt;String&gt;" num="577" count="222" type="method"/>
            <line num="579" count="222" type="stmt"/>
            <line complexity="5" visibility="public" signature="toString() : String" num="587" count="4" type="method"/>
            <line num="590" count="4" type="stmt"/>
            <line num="592" count="4" type="stmt"/>
            <line num="594" count="4" type="stmt"/>
            <line falsecount="0" truecount="4" num="594" type="cond"/>
            <line num="596" count="4" type="stmt"/>
            <line num="599" count="4" type="stmt"/>
            <line num="601" count="4" type="stmt"/>
            <line falsecount="4" truecount="0" num="601" type="cond"/>
            <line num="603" count="0" type="stmt"/>
            <line num="605" count="4" type="stmt"/>
            <line falsecount="2" truecount="2" num="605" type="cond"/>
            <line num="607" count="2" type="stmt"/>
            <line num="610" count="4" type="stmt"/>
            <line num="612" count="4" type="stmt"/>
            <line falsecount="0" truecount="4" num="612" type="cond"/>
            <line num="614" count="4" type="stmt"/>
            <line num="617" count="4" type="stmt"/>
            <line num="619" count="4" type="stmt"/>
            <line complexity="1" visibility="private" signature="hasNoValues() : boolean" num="627" count="272" type="method"/>
            <line num="629" count="272" type="stmt"/>
            <line complexity="8" visibility="public" signature="equals(Object) : boolean" num="632" count="453" type="method"/>
            <line num="635" count="453" type="stmt"/>
            <line falsecount="214" truecount="239" num="635" type="cond"/>
            <line num="637" count="239" type="stmt"/>
            <line num="639" count="214" type="stmt"/>
            <line falsecount="214" truecount="0" num="639" type="cond"/>
            <line num="641" count="0" type="stmt"/>
            <line num="644" count="214" type="stmt"/>
            <line num="647" count="214" type="stmt"/>
            <line falsecount="2" truecount="212" num="647" type="cond"/>
            <line falsecount="3" truecount="211" num="647" type="cond"/>
            <line num="649" count="211" type="stmt"/>
            <line num="651" count="3" type="stmt"/>
            <line falsecount="1" truecount="2" num="651" type="cond"/>
            <line falsecount="1" truecount="2" num="651" type="cond"/>
            <line num="653" count="2" type="stmt"/>
            <line num="656" count="1" type="stmt"/>
            <line complexity="3" visibility="public" signature="hashCode() : int" num="659" count="0" type="method"/>
            <line num="662" count="0" type="stmt"/>
            <line num="663" count="0" type="stmt"/>
            <line falsecount="0" truecount="0" num="663" type="cond"/>
            <line num="664" count="0" type="stmt"/>
            <line falsecount="0" truecount="0" num="664" type="cond"/>
            <line num="665" count="0" type="stmt"/>
            <line complexity="2" visibility="public" signature="clone() : Object" num="680" count="467" type="method"/>
            <line num="683" count="467" type="stmt"/>
            <line num="685" count="467" type="stmt"/>
            <line num="686" count="467" type="stmt"/>
            <line num="687" count="467" type="stmt"/>
            <line num="691" count="0" type="stmt"/>
            <line complexity="1" visibility="package" signature="clearValues() : void" num="701" count="821" type="method"/>
            <line num="703" count="821" type="stmt"/>
            <line complexity="1" visibility="public" signature="addValue(String) : boolean" num="715" count="0" type="method"/>
            <line num="718" count="0" type="stmt"/>
            <line complexity="1" visibility="package" signature="acceptsArg() : boolean" num="728" count="464" type="method"/>
            <line num="730" count="464" type="stmt"/>
            <line complexity="3" visibility="package" signature="requiresArg() : boolean" num="739" count="11" type="method"/>
            <line num="741" count="11" type="stmt"/>
            <line falsecount="5" truecount="6" num="741" type="cond"/>
            <line num="743" count="6" type="stmt"/>
            <line num="745" count="5" type="stmt"/>
            <line falsecount="3" truecount="2" num="745" type="cond"/>
            <line num="747" count="2" type="stmt"/>
            <line num="749" count="3" type="stmt"/>
            <line complexity="1" visibility="public" signature="builder() : Builder" num="759" count="8" type="method"/>
            <line num="761" count="8" type="stmt"/>
            <line complexity="1" visibility="public" signature="builder(String) : Builder" num="773" count="93" type="method"/>
            <line num="775" count="93" type="stmt"/>
            <line complexity="1" visibility="private" signature="Builder(String)" num="828" count="93" type="method"/>
            <line num="830" count="93" type="stmt"/>
            <line num="831" count="93" type="stmt"/>
            <line complexity="1" visibility="public" signature="argName(String) : Builder" num="840" count="20" type="method"/>
            <line num="842" count="20" type="stmt"/>
            <line num="843" count="20" type="stmt"/>
            <line complexity="1" visibility="public" signature="desc(String) : Builder" num="852" count="27" type="method"/>
            <line num="854" count="27" type="stmt"/>
            <line num="855" count="27" type="stmt"/>
            <line complexity="1" visibility="public" signature="longOpt(String) : Builder" num="864" count="20" type="method"/>
            <line num="866" count="20" type="stmt"/>
            <line num="867" count="20" type="stmt"/>
            <line complexity="1" visibility="public" signature="numberOfArgs(int) : Builder" num="876" count="4" type="method"/>
            <line num="878" count="4" type="stmt"/>
            <line num="879" count="4" type="stmt"/>
            <line complexity="1" visibility="public" signature="optionalArg(boolean) : Builder" num="889" count="5" type="method"/>
            <line num="891" count="5" type="stmt"/>
            <line num="892" count="5" type="stmt"/>
            <line complexity="1" visibility="public" signature="required() : Builder" num="900" count="4" type="method"/>
            <line num="902" count="4" type="stmt"/>
            <line complexity="1" visibility="public" signature="required(boolean) : Builder" num="911" count="33" type="method"/>
            <line num="913" count="33" type="stmt"/>
            <line num="914" count="33" type="stmt"/>
            <line complexity="1" visibility="public" signature="type(Class&lt;?&gt;) : Builder" num="923" count="27" type="method"/>
            <line num="925" count="27" type="stmt"/>
            <line num="926" count="27" type="stmt"/>
            <line complexity="1" visibility="public" signature="valueSeparator() : Builder" num="934" count="5" type="method"/>
            <line num="936" count="5" type="stmt"/>
            <line complexity="1" visibility="public" signature="valueSeparator(char) : Builder" num="960" count="6" type="method"/>
            <line num="962" count="6" type="stmt"/>
            <line num="963" count="6" type="stmt"/>
            <line complexity="1" visibility="public" signature="hasArg() : Builder" num="971" count="27" type="method"/>
            <line num="973" count="27" type="stmt"/>
            <line complexity="2" visibility="public" signature="hasArg(boolean) : Builder" num="982" count="65" type="method"/>
            <line num="985" count="65" type="stmt"/>
            <line falsecount="15" truecount="50" num="985" type="cond"/>
            <line num="986" count="65" type="stmt"/>
            <line complexity="1" visibility="public" signature="hasArgs() : Builder" num="994" count="0" type="method"/>
            <line num="996" count="0" type="stmt"/>
            <line num="997" count="0" type="stmt"/>
            <line complexity="3" visibility="public" signature="build() : Option" num="1006" count="93" type="method"/>
            <line num="1008" count="93" type="stmt"/>
            <line falsecount="91" truecount="2" num="1008" type="cond"/>
            <line num="1010" count="2" type="stmt"/>
            <line num="1012" count="91" type="stmt"/>
         </file>
         <file path="/Users/liyuanqi/Downloads/commons-cli-1.4-src/src/main/java/org/apache/commons/cli/OptionBuilder.java" name="OptionBuilder.java">
            <metrics coveredelements="81" coveredconditionals="4" complexity="24" loc="396" coveredmethods="20" methods="22" elements="86" classes="1" ncloc="148" statements="60" conditionals="4" coveredstatements="57"/>
            <class name="OptionBuilder">
               <metrics coveredelements="81" coveredconditionals="4" complexity="24" coveredmethods="20" methods="22" elements="86" statements="60" conditionals="4" coveredstatements="57"/>
            </class>
            <line complexity="1" visibility="package" signature="&lt;clinit&gt;, line 62()" num="62" count="1" type="method"/>
            <line num="65" count="1" type="stmt"/>
            <line complexity="1" visibility="private" signature="OptionBuilder()" num="71" count="1" type="method"/>
            <line complexity="1" visibility="private" signature="reset() : void" num="79" count="345" type="method"/>
            <line num="81" count="345" type="stmt"/>
            <line num="82" count="345" type="stmt"/>
            <line num="83" count="345" type="stmt"/>
            <line num="84" count="345" type="stmt"/>
            <line num="85" count="345" type="stmt"/>
            <line num="86" count="345" type="stmt"/>
            <line num="87" count="345" type="stmt"/>
            <line num="88" count="345" type="stmt"/>
            <line complexity="1" visibility="public" signature="withLongOpt(String) : OptionBuilder" num="97" count="198" type="method"/>
            <line num="99" count="198" type="stmt"/>
            <line num="101" count="198" type="stmt"/>
            <line complexity="1" visibility="public" signature="hasArg() : OptionBuilder" num="109" count="69" type="method"/>
            <line num="111" count="69" type="stmt"/>
            <line num="113" count="69" type="stmt"/>
            <line complexity="2" visibility="public" signature="hasArg(boolean) : OptionBuilder" num="123" count="6" type="method"/>
            <line num="125" count="6" type="stmt"/>
            <line falsecount="5" truecount="1" num="125" type="cond"/>
            <line num="127" count="6" type="stmt"/>
            <line complexity="1" visibility="public" signature="withArgName(String) : OptionBuilder" num="136" count="8" type="method"/>
            <line num="138" count="8" type="stmt"/>
            <line num="140" count="8" type="stmt"/>
            <line complexity="1" visibility="public" signature="isRequired() : OptionBuilder" num="148" count="38" type="method"/>
            <line num="150" count="38" type="stmt"/>
            <line num="152" count="38" type="stmt"/>
            <line complexity="1" visibility="public" signature="withValueSeparator(char) : OptionBuilder" num="174" count="20" type="method"/>
            <line num="176" count="20" type="stmt"/>
            <line num="178" count="20" type="stmt"/>
            <line complexity="1" visibility="public" signature="withValueSeparator() : OptionBuilder" num="197" count="21" type="method"/>
            <line num="199" count="21" type="stmt"/>
            <line num="201" count="21" type="stmt"/>
            <line complexity="1" visibility="public" signature="isRequired(boolean) : OptionBuilder" num="211" count="0" type="method"/>
            <line num="213" count="0" type="stmt"/>
            <line num="215" count="0" type="stmt"/>
            <line complexity="1" visibility="public" signature="hasArgs() : OptionBuilder" num="223" count="46" type="method"/>
            <line num="225" count="46" type="stmt"/>
            <line num="227" count="46" type="stmt"/>
            <line complexity="1" visibility="public" signature="hasArgs(int) : OptionBuilder" num="236" count="12" type="method"/>
            <line num="238" count="12" type="stmt"/>
            <line num="240" count="12" type="stmt"/>
            <line complexity="1" visibility="public" signature="hasOptionalArg() : OptionBuilder" num="248" count="41" type="method"/>
            <line num="250" count="41" type="stmt"/>
            <line num="251" count="41" type="stmt"/>
            <line num="253" count="41" type="stmt"/>
            <line complexity="1" visibility="public" signature="hasOptionalArgs() : OptionBuilder" num="261" count="28" type="method"/>
            <line num="263" count="28" type="stmt"/>
            <line num="264" count="28" type="stmt"/>
            <line num="266" count="28" type="stmt"/>
            <line complexity="1" visibility="public" signature="hasOptionalArgs(int) : OptionBuilder" num="276" count="36" type="method"/>
            <line num="278" count="36" type="stmt"/>
            <line num="279" count="36" type="stmt"/>
            <line num="281" count="36" type="stmt"/>
            <line complexity="1" visibility="public" signature="withType(Object) : OptionBuilder" num="295" count="0" type="method"/>
            <line num="298" count="0" type="stmt"/>
            <line complexity="1" visibility="public" signature="withType(Class&lt;?&gt;) : OptionBuilder" num="309" count="3" type="method"/>
            <line num="311" count="3" type="stmt"/>
            <line num="313" count="3" type="stmt"/>
            <line complexity="1" visibility="public" signature="withDescription(String) : OptionBuilder" num="322" count="83" type="method"/>
            <line num="324" count="83" type="stmt"/>
            <line num="326" count="83" type="stmt"/>
            <line complexity="1" visibility="public" signature="create(char) : Option" num="338" count="205" type="method"/>
            <line num="340" count="205" type="stmt"/>
            <line complexity="2" visibility="public" signature="create() : Option" num="349" count="88" type="method"/>
            <line num="351" count="88" type="stmt"/>
            <line falsecount="86" truecount="2" num="351" type="cond"/>
            <line num="353" count="2" type="stmt"/>
            <line num="354" count="2" type="stmt"/>
            <line num="357" count="86" type="stmt"/>
            <line complexity="1" visibility="public" signature="create(String) : Option" num="370" count="342" type="method"/>
            <line num="372" count="342" type="stmt"/>
            <line num="373" count="342" type="stmt"/>
            <line num="376" count="342" type="stmt"/>
            <line num="379" count="338" type="stmt"/>
[...]
            <line num="43" count="2" type="stmt"/>
         </file>
         <file path="/Users/liyuanqi/Downloads/commons-cli-1.4-src/src/test/java/org/apache/commons/cli/bug/BugCLI265Test.java" name="BugCLI265Test.java">
            <metrics coveredelements="26" coveredconditionals="0" complexity="4" loc="88" coveredmethods="4" methods="4" elements="26" classes="1" ncloc="50" statements="22" conditionals="0" coveredstatements="22"/>
            <class name="BugCLI265Test">
               <metrics coveredelements="26" complexity="4" methods="4" testruns="3" statements="22" coveredconditionals="0" coveredmethods="4" elements="26" testfailures="0" testduration="0.002" conditionals="0" coveredstatements="22" testpasses="3"/>
            </class>
            <line complexity="1" visibility="public" signature="setUp() : void" num="43" count="3" type="method"/>
            <line num="45" count="3" type="stmt"/>
            <line num="47" count="3" type="stmt"/>
            <line num="48" count="3" type="stmt"/>
            <line num="49" count="3" type="stmt"/>
            <line num="50" count="3" type="stmt"/>
            <line num="52" count="3" type="stmt"/>
            <line complexity="1" visibility="public" signature="shouldParseShortOptionWithValue() : void" num="55" testsuccess="true" count="1" testduration="0.002" type="method"/>
            <line num="57" count="1" type="stmt"/>
            <line num="59" count="1" type="stmt"/>
            <line num="61" count="1" type="stmt"/>
            <line num="62" count="1" type="stmt"/>
            <line complexity="1" visibility="public" signature="shouldParseShortOptionWithoutValue() : void" num="65" testsuccess="true" count="1" testduration="0.0" type="method"/>
            <line num="67" count="1" type="stmt"/>
            <line num="69" count="1" type="stmt"/>
            <line num="71" count="1" type="stmt"/>
            <line num="72" count="1" type="stmt"/>
            <line num="73" count="1" type="stmt"/>
            <line complexity="1" visibility="public" signature="shouldParseConcatenatedShortOptions() : void" num="76" testsuccess="true" count="1" testduration="0.0" type="method"/>
            <line num="78" count="1" type="stmt"/>
            <line num="80" count="1" type="stmt"/>
            <line num="82" count="1" type="stmt"/>
            <line num="83" count="1" type="stmt"/>
            <line num="84" count="1" type="stmt"/>
            <line num="85" count="1" type="stmt"/>
            <line num="86" count="1" type="stmt"/>
         </file>
         <file path="/Users/liyuanqi/Downloads/commons-cli-1.4-src/src/test/java/org/apache/commons/cli/bug/BugCLI266Test.java" name="BugCLI266Test.java">
            <metrics coveredelements="38" coveredconditionals="0" complexity="4" loc="121" coveredmethods="4" methods="4" elements="38" classes="1" ncloc="92" statements="34" conditionals="0" coveredstatements="34"/>
            <class name="BugCLI266Test">
               <metrics coveredelements="38" complexity="4" methods="4" testruns="2" statements="34" coveredconditionals="0" coveredmethods="4" elements="38" testfailures="0" testduration="0.0" conditionals="0" coveredstatements="34" testpasses="2"/>
            </class>
            <line complexity="1" visibility="public" signature="testOptionComparatorDefaultOrder() : void" num="39" testsuccess="true" count="1" testduration="0.0" type="method"/>
            <line num="41" count="1" type="stmt"/>
            <line num="42" count="1" type="stmt"/>
            <line num="43" count="1" type="stmt"/>
            <line num="44" count="1" type="stmt"/>
            <line num="45" count="1" type="stmt"/>
            <line num="46" count="9" type="stmt"/>
            <line num="47" count="9" type="stmt"/>
            <line complexity="1" visibility="public" signature="testOptionComparatorInsertedOrder() : void" num="51" testsuccess="true" count="1" testduration="0.0" type="method"/>
            <line num="53" count="1" type="stmt"/>
            <line num="54" count="1" type="stmt"/>
            <line num="55" count="1" type="stmt"/>
            <line num="56" count="9" type="stmt"/>
            <line num="57" count="9" type="stmt"/>
            <line complexity="1" visibility="private" signature="getOptions() : Options" num="61" count="2" type="method"/>
            <line num="62" count="2" type="stmt"/>
            <line num="63" count="2" type="stmt"/>
            <line num="67" count="2" type="stmt"/>
            <line num="69" count="2" type="stmt"/>
            <line num="71" count="2" type="stmt"/>
            <line num="76" count="2" type="stmt"/>
            <line num="81" count="2" type="stmt"/>
            <line num="85" count="2" type="stmt"/>
            <line num="86" count="2" type="stmt"/>
            <line num="87" count="2" type="stmt"/>
            <line num="88" count="2" type="stmt"/>
            <line complexity="1" visibility="private" signature="buildOptionsGroup(Options) : void" num="91" count="2" type="method"/>
            <line num="92" count="2" type="stmt"/>
            <line num="93" count="2" type="stmt"/>
            <line num="94" count="2" type="stmt"/>
            <line num="95" count="2" type="stmt"/>
            <line num="97" count="2" type="stmt"/>
            <line num="102" count="2" type="stmt"/>
            <line num="107" count="2" type="stmt"/>
            <line num="109" count="2" type="stmt"/>
            <line num="113" count="2" type="stmt"/>
            <line num="115" count="2" type="stmt"/>
            <line num="119" count="2" type="stmt"/>
         </file>
         <file path="/Users/liyuanqi/Downloads/commons-cli-1.4-src/src/test/java/org/apache/commons/cli/bug/BugCLI71Test.java" name="BugCLI71Test.java">
            <metrics coveredelements="32" coveredconditionals="0" complexity="6" loc="92" coveredmethods="5" methods="5" elements="33" classes="1" ncloc="62" statements="28" conditionals="0" coveredstatements="27"/>
            <class name="BugCLI71Test">
               <metrics coveredelements="32" complexity="6" methods="5" testruns="4" statements="28" coveredconditionals="0" coveredmethods="5" elements="33" testfailures="0" testduration="0.002" conditionals="0" coveredstatements="27" testpasses="4"/>
            </class>
            <line complexity="1" visibility="public" signature="setUp() : void" num="38" count="4" type="method"/>
            <line num="40" count="4" type="stmt"/>
            <line num="42" count="4" type="stmt"/>
            <line num="43" count="4" type="stmt"/>
            <line num="44" count="4" type="stmt"/>
            <line num="46" count="4" type="stmt"/>
            <line num="47" count="4" type="stmt"/>
            <line num="48" count="4" type="stmt"/>
            <line num="50" count="4" type="stmt"/>
            <line complexity="1" visibility="public" signature="testBasic() : void" num="53" testsuccess="true" count="1" testduration="0.001" type="method"/>
            <line num="55" count="1" type="stmt"/>
            <line num="56" count="1" type="stmt"/>
            <line num="57" count="1" type="stmt"/>
            <line num="58" count="1" type="stmt"/>
            <line complexity="1" visibility="public" signature="testMistakenArgument() : void" num="61" testsuccess="true" count="1" testduration="0.001" type="method"/>
            <line num="63" count="1" type="stmt"/>
            <line num="64" count="1" type="stmt"/>
            <line num="65" count="1" type="stmt"/>
            <line num="66" count="1" type="stmt"/>
            <line num="67" count="1" type="stmt"/>
            <line num="68" count="1" type="stmt"/>
            <line complexity="2" visibility="public" signature="testLackOfError() : void" num="71" testsuccess="true" count="1" testduration="0.0" type="method"/>
            <line num="73" count="1" type="stmt"/>
            <line num="74" count="1" type="stmt"/>
            <line num="75" count="1" type="stmt"/>
            <line num="76" count="0" type="stmt"/>
            <line num="78" count="1" type="stmt"/>
            <line complexity="1" visibility="public" signature="testGetsDefaultIfOptional() : void" num="82" testsuccess="true" count="1" testduration="0.0" type="method"/>
            <line num="84" count="1" type="stmt"/>
            <line num="85" count="1" type="stmt"/>
            <line num="86" count="1" type="stmt"/>
            <line num="88" count="1" type="stmt"/>
            <line num="89" count="1" type="stmt"/>
         </file>
         <file path="/Users/liyuanqi/Downloads/commons-cli-1.4-src/src/test/java/org/apache/commons/cli/bug/BugsTest.java" name="BugsTest.java">
            <metrics coveredelements="173" coveredconditionals="3" complexity="20" loc="377" coveredmethods="12" methods="12" elements="184" classes="1" ncloc="273" statements="166" conditionals="6" coveredstatements="158"/>
            <class name="BugsTest">
               <metrics coveredelements="173" complexity="20" methods="12" testruns="12" statements="166" coveredconditionals="3" coveredmethods="12" elements="184" testfailures="0" testduration="0.001" conditionals="6" coveredstatements="158" testpasses="12"/>
            </class>
            <line complexity="1" visibility="public" signature="test11457() : void" num="47" testsuccess="true" count="1" testduration="0.0" type="method"/>
            <line num="50" count="1" type="stmt"/>
            <line num="51" count="1" type="stmt"/>
            <line num="52" count="1" type="stmt"/>
            <line num="54" count="1" type="stmt"/>
            <line num="56" count="1" type="stmt"/>
            <line num="57" count="1" type="stmt"/>
            <line complexity="4" visibility="public" signature="test11458() : void" num="60" testsuccess="true" count="1" testduration="0.001" type="method"/>
            <line num="63" count="1" type="stmt"/>
            <line num="64" count="1" type="stmt"/>
            <line num="65" count="1" type="stmt"/>
            <line num="66" count="1" type="stmt"/>
            <line num="68" count="1" type="stmt"/>
            <line num="70" count="1" type="stmt"/>
            <line num="72" count="1" type="stmt"/>
            <line num="74" count="1" type="stmt"/>
            <line num="75" count="1" type="stmt"/>
            <line num="77" count="1" type="stmt"/>
            <line num="79" count="1" type="stmt"/>
            <line num="80" count="1" type="stmt"/>
            <line num="81" count="1" type="stmt"/>
            <line num="83" count="1" type="stmt"/>
            <line num="84" count="1" type="stmt"/>
            <line falsecount="1" truecount="2" num="84" type="cond"/>
            <line num="86" count="2" type="stmt"/>
            <line num="87" count="2" type="stmt"/>
            <line num="89" count="1" type="stmt"/>
            <line num="90" count="1" type="stmt"/>
            <line num="91" count="1" type="stmt"/>
            <line num="92" count="1" type="stmt"/>
            <line num="93" count="1" type="stmt"/>
            <line num="94" count="1" type="stmt"/>
            <line num="95" count="1" type="stmt"/>
            <line num="96" count="1" type="stmt"/>
            <line num="97" count="1" type="stmt"/>
            <line num="98" count="0" type="stmt"/>
            <line num="99" count="0" type="stmt"/>
            <line complexity="1" visibility="public" signature="test11680() : void" num="104" testsuccess="true" count="1" testduration="0.0" type="method"/>
            <line num="107" count="1" type="stmt"/>
            <line num="108" count="1" type="stmt"/>
            <line num="109" count="1" type="stmt"/>
            <line num="110" count="1" type="stmt"/>
            <line num="112" count="1" type="stmt"/>
            <line num="114" count="1" type="stmt"/>
            <line num="116" count="1" type="stmt"/>
            <line num="117" count="1" type="stmt"/>
            <line complexity="1" visibility="public" signature="test11456() : void" num="120" testsuccess="true" count="1" testduration="0.0" type="method"/>
            <line num="124" count="1" type="stmt"/>
            <line num="125" count="1" type="stmt"/>
            <line num="126" count="1" type="stmt"/>
            <line num="127" count="1" type="stmt"/>
            <line num="129" count="1" type="stmt"/>
            <line num="131" count="1" type="stmt"/>
            <line num="132" count="1" type="stmt"/>
            <line num="135" count="1" type="stmt"/>
            <line num="136" count="1" type="stmt"/>
            <line num="137" count="1" type="stmt"/>
            <line num="138" count="1" type="stmt"/>
            <line num="140" count="1" type="stmt"/>
            <line num="142" count="1" type="stmt"/>
            <line num="143" count="1" type="stmt"/>
            <line complexity="3" visibility="public" signature="test12210() : void" num="146" testsuccess="true" count="1" testduration="0.0" type="method"/>
            <line num="150" count="1" type="stmt"/>
            <line num="155" count="1" type="stmt"/>
            <line num="156" count="1" type="stmt"/>
            <line num="158" count="1" type="stmt"/>
            <line num="160" count="1" type="stmt"/>
            <line num="162" count="1" type="stmt"/>
            <line num="165" count="1" type="stmt"/>
            <line num="166" count="1" type="stmt"/>
            <line num="167" count="1" type="stmt"/>
            <line num="170" count="1" type="stmt"/>
            <line num="171" count="1" type="stmt"/>
            <line num="172" count="1" type="stmt"/>
            <line num="175" count="1" type="stmt"/>
            <line num="182" count="1" type="stmt"/>
            <line num="184" count="1" type="stmt"/>
            <line num="186" count="1" type="stmt"/>
            <line falsecount="0" truecount="1" num="186" type="cond"/>
            <line num="188" count="1" type="stmt"/>
            <line num="190" count="1" type="stmt"/>
            <line num="191" count="1" type="stmt"/>
            <line num="193" count="0" type="stmt"/>
            <line falsecount="0" truecount="0" num="193" type="cond"/>
            <line num="195" count="0" type="stmt"/>
            <line num="199" count="0" type="stmt"/>
            <line complexity="2" visibility="public" signature="test13425() : void" num="203" testsuccess="true" count="1" testduration="0.0" type="method"/>
            <line num="206" count="1" type="stmt"/>
            <line num="207" count="1" type="stmt"/>
            <line num="211" count="1" type="stmt"/>
            <line num="216" count="1" type="stmt"/>
            <line num="222" count="1" type="stmt"/>
            <line num="223" count="1" type="stmt"/>
            <line num="225" count="1" type="stmt"/>
            <line num="227" count="1" type="stmt"/>
            <line num="228" count="1" type="stmt"/>
            <line num="229" count="0" type="stmt"/>
            <line complexity="1" visibility="public" signature="test13666() : void" num="234" testsuccess="true" count="1" testduration="0.0" type="method"/>
            <line num="237" count="1" type="stmt"/>
            <line num="238" count="1" type="stmt"/>
            <line num="239" count="1" type="stmt"/>
            <line num="241" count="1" type="stmt"/>
            <line num="242" count="1" type="stmt"/>
            <line num="244" count="1" type="stmt"/>
            <line num="245" count="1" type="stmt"/>
            <line num="248" count="1" type="stmt"/>
            <line num="249" count="1" type="stmt"/>
            <line num="250" count="1" type="stmt"/>
            <line num="252" count="1" type="stmt"/>
            <line num="254" count="1" type="stmt"/>
            <line num="255" count="1" type="stmt"/>
            <line num="257" count="1" type="stmt"/>
            <line num="261" count="1" type="stmt"/>
            <line complexity="3" visibility="public" signature="test13935() : void" num="265" testsuccess="true" count="1" testduration="0.0" type="method"/>
            <line num="268" count="1" type="stmt"/>
            <line num="270" count="1" type="stmt"/>
            <line num="271" count="1" type="stmt"/>
            <line num="272" count="1" type="stmt"/>
            <line num="273" count="1" type="stmt"/>
            <line num="274" count="1" type="stmt"/>
            <line num="276" count="1" type="stmt"/>
            <line num="277" count="1" type="stmt"/>
            <line num="278" count="1" type="stmt"/>
            <line num="280" count="1" type="stmt"/>
            <line num="281" count="1" type="stmt"/>
            <line num="282" count="1" type="stmt"/>
            <line num="284" count="1" type="stmt"/>
            <line num="286" count="1" type="stmt"/>
            <line num="287" count="1" type="stmt"/>
            <line num="288" count="1" type="stmt"/>
            <line num="289" count="0" type="stmt"/>
            <line num="294" count="1" type="stmt"/>
            <line num="295" count="1" type="stmt"/>
            <line num="296" count="1" type="stmt"/>
            <line num="297" count="0" type="stmt"/>
            <line num="302" count="1" type="stmt"/>
            <line num="303" count="1" type="stmt"/>
            <line num="304" count="1" type="stmt"/>
            <line num="306" count="1" type="stmt"/>
            <line num="307" count="1" type="stmt"/>
            <line num="308" count="1" type="stmt"/>
            <line num="309" count="1" type="stmt"/>
            <line complexity="1" visibility="public" signature="test14786() : void" num="312" testsuccess="true" count="1" testduration="0.0" type="method"/>
            <line num="315" count="1" type="stmt"/>
            <line num="316" count="1" type="stmt"/>
            <line num="317" count="1" type="stmt"/>
            <line num="318" count="1" type="stmt"/>
            <line num="320" count="1" type="stmt"/>
            <line num="322" count="1" type="stmt"/>
            <line num="324" count="1" type="stmt"/>
            <line num="325" count="1" type="stmt"/>
            <line complexity="1" visibility="public" signature="test15046() : void" num="328" testsuccess="true" count="1" testduration="0.0" type="method"/>
            <line num="331" count="1" type="stmt"/>
            <line num="332" count="1" type="stmt"/>
            <line num="334" count="1" type="stmt"/>
            <line num="335" count="1" type="stmt"/>
            <line num="337" count="1" type="stmt"/>
            <line num="340" count="1" type="stmt"/>
            <line num="341" count="1" type="stmt"/>
            <line num="342" count="1" type="stmt"/>
            <line num="343" count="1" type="stmt"/>
            <line complexity="1" visibility="public" signature="test15648() : void" num="346" testsuccess="true" count="1" testduration="0.0" type="method"/>
            <line num="349" count="1" type="stmt"/>
            <line num="350" count="1" type="stmt"/>
            <line num="351" count="1" type="stmt"/>
            <line num="352" count="1" type="stmt"/>
            <line num="353" count="1" type="stmt"/>
            <line num="354" count="1" type="stmt"/>
            <line num="355" count="1" type="stmt"/>
            <line complexity="1" visibility="public" signature="test31148() : void" num="358" testsuccess="true" count="1" testduration="0.0" type="method"/>
            <line num="361" count="1" type="stmt"/>
            <line num="362" count="1" type="stmt"/>
            <line num="364" count="1" type="stmt"/>
            <line num="365" count="1" type="stmt"/>
            <line num="367" count="1" type="stmt"/>
            <line num="368" count="1" type="stmt"/>
            <line num="369" count="1" type="stmt"/>
            <line num="370" count="1" type="stmt"/>
            <line num="371" count="1" type="stmt"/>
            <line num="373" count="1" type="stmt"/>
            <line num="374" count="1" type="stmt"/>
         </file>
      </package>
   </testproject>
</coverage>