<?xml version="1.0" encoding="UTF-8"?>
<coverage generated="1495007472752" clover="4.1.2">
   <project name="SampleProjectMaven 1.0-SNAPSHOT" timestamp="1495007468457">
      <metrics coveredelements="12" complexity="3" loc="26" methods="3" classes="1" statements="9" packages="1" coveredconditionals="0" coveredmethods="3" elements="12" ncloc="19" files="1" conditionals="0" coveredstatements="9"/>
      <package name="SampleProjectMaven">
         <metrics coveredelements="12" complexity="3" loc="26" methods="3" classes="1" statements="9" coveredconditionals="0" coveredmethods="3" elements="12" ncloc="19" files="1" conditionals="0" coveredstatements="9"/>
         <file path="/Users/liyuanqi/Google Drive/UCLA_MSCS/Quarter3/CS230/SampleProjectMaven/src/main/java/SampleProjectMaven/App.java" name="App.java">
            <metrics coveredelements="12" coveredconditionals="0" complexity="3" loc="26" coveredmethods="3" methods="3" elements="12" classes="1" ncloc="19" statements="9" conditionals="0" coveredstatements="9"/>
            <class name="App">
               <metrics coveredelements="12" coveredconditionals="0" complexity="3" coveredmethods="3" methods="3" elements="12" statements="9" conditionals="0" coveredstatements="9"/>
            </class>
            <line complexity="1" visibility="public" signature="dummyMethod1() : void" num="10" count="1" type="method"/>
            <line num="11" count="1" type="stmt"/>
            <line num="12" count="1" type="stmt"/>
            <line num="13" count="1" type="stmt"/>
            <line complexity="1" visibility="public" signature="dummyMethod2() : void" num="15" count="1" type="method"/>
            <line num="16" count="1" type="stmt"/>
            <line num="17" count="1" type="stmt"/>
            <line num="18" count="1" type="stmt"/>
            <line complexity="1" visibility="public" signature="staticMethod() : void" num="21" count="1" type="method"/>
            <line num="22" count="1" type="stmt"/>
            <line num="23" count="1" type="stmt"/>
            <line num="24" count="1" type="stmt"/>
         </file>
      </package>
   </project>
   <testproject name="SampleProjectMaven 1.0-SNAPSHOT" timestamp="1495007468457">
      <metrics coveredelements="5" complexity="1" loc="19" methods="1" classes="1" statements="4" packages="1" coveredconditionals="0" coveredmethods="1" elements="5" ncloc="13" files="1" conditionals="0" coveredstatements="4"/>
      <package name="SampleProjectMaven">
         <metrics coveredelements="5" complexity="1" loc="19" methods="1" classes="1" statements="4" coveredconditionals="0" coveredmethods="1" elements="5" ncloc="13" files="1" conditionals="0" coveredstatements="4"/>
         <file path="/Users/liyuanqi/Google Drive/UCLA_MSCS/Quarter3/CS230/SampleProjectMaven/src/test/java/SampleProjectMaven/AppTest.java" name="AppTest.java">
            <metrics coveredelements="5" coveredconditionals="0" complexity="1" loc="19" coveredmethods="1" methods="1" elements="5" classes="1" ncloc="13" statements="4" conditionals="0" coveredstatements="4"/>
            <class name="AppTest">
               <metrics coveredelements="5" complexity="1" methods="1" testruns="1" statements="4" coveredconditionals="0" coveredmethods="1" elements="5" testfailures="0" testduration="0.013" conditionals="0" coveredstatements="4" testpasses="1"/>
            </class>
            <line complexity="1" visibility="public" signature="testDummyMethod1() : void" num="11" testsuccess="true" count="1" testduration="0.013" type="method"/>
            <line num="14" count="1" type="stmt"/>
            <line num="15" count="1" type="stmt"/>
            <line num="16" count="1" type="stmt"/>
            <line num="17" count="1" type="stmt"/>
         </file>
      </package>
   </testproject>
</coverage>