<?xml version="1.0" encoding="UTF-8"?>
<coverage generated="1495166158604" clover="4.1.2">
   <project name="CustomProjectMaven 1.0-SNAPSHOT" timestamp="1495166154227">
      <metrics coveredelements="82" complexity="37" loc="353" methods="28" classes="24" statements="62" packages="1" coveredconditionals="11" coveredmethods="23" elements="108" ncloc="229" files="22" conditionals="18" coveredstatements="48"/>
      <package name="CustomProjectMaven">
         <metrics coveredelements="82" complexity="37" loc="353" methods="28" classes="24" statements="62" coveredconditionals="11" coveredmethods="23" elements="108" ncloc="229" files="22" conditionals="18" coveredstatements="48"/>
         <file path="/Users/liyuanqi/Google Drive/UCLA_MSCS/Quarter3/CS230/TestCoverage/CustomProjectMaven/src/main/java/CustomProjectMaven/AbstractAdditionClass.java" name="AbstractAdditionClass.java">
            <metrics coveredelements="2" coveredconditionals="0" complexity="1" loc="12" coveredmethods="1" methods="1" elements="2" classes="1" ncloc="6" statements="1" conditionals="0" coveredstatements="1"/>
            <class name="AbstractAdditionClass">
               <metrics coveredelements="2" coveredconditionals="0" complexity="1" coveredmethods="1" methods="1" elements="2" statements="1" conditionals="0" coveredstatements="1"/>
            </class>
            <line complexity="1" visibility="public" signature="concreteAdditionMethod(int,int) : int" num="9" count="1" type="method"/>
            <line num="10" count="1" type="stmt"/>
         </file>
         <file path="/Users/liyuanqi/Google Drive/UCLA_MSCS/Quarter3/CS230/TestCoverage/CustomProjectMaven/src/main/java/CustomProjectMaven/Annotation.java" name="Annotation.java">
            <metrics coveredelements="0" coveredconditionals="0" complexity="0" loc="15" coveredmethods="0" methods="0" elements="0" classes="2" ncloc="11" statements="0" conditionals="0" coveredstatements="0"/>
            <class name="Annotation">
               <metrics coveredelements="0" coveredconditionals="0" complexity="0" coveredmethods="0" methods="0" elements="0" statements="0" conditionals="0" coveredstatements="0"/>
            </class>
            <class name="Annotation.ClassPreamble">
               <metrics coveredelements="0" coveredconditionals="0" complexity="0" coveredmethods="0" methods="0" elements="0" statements="0" conditionals="0" coveredstatements="0"/>
            </class>
         </file>
         <file path="/Users/liyuanqi/Google Drive/UCLA_MSCS/Quarter3/CS230/TestCoverage/CustomProjectMaven/src/main/java/CustomProjectMaven/AnonymousFunction.java" name="AnonymousFunction.java">
            <metrics coveredelements="6" coveredconditionals="0" complexity="2" loc="21" coveredmethods="2" methods="2" elements="6" classes="1" ncloc="14" statements="4" conditionals="0" coveredstatements="4"/>
            <class name="AnonymousFunction">
               <metrics coveredelements="6" coveredconditionals="0" complexity="2" coveredmethods="2" methods="2" elements="6" statements="4" conditionals="0" coveredstatements="4"/>
            </class>
            <line complexity="1" visibility="public" signature="sort() : String" num="11" count="1" type="method"/>
            <line num="12" count="1" type="stmt"/>
            <line num="13" count="1" type="stmt"/>
            <line complexity="1" visibility="public" signature="compare(String,String) : int" num="14" count="6" type="method"/>
            <line num="15" count="6" type="stmt"/>
            <line num="19" count="1" type="stmt"/>
         </file>
         <file path="/Users/liyuanqi/Google Drive/UCLA_MSCS/Quarter3/CS230/TestCoverage/CustomProjectMaven/src/main/java/CustomProjectMaven/BaseSubtractionClass.java" name="BaseSubtractionClass.java">
            <metrics coveredelements="2" coveredconditionals="0" complexity="1" loc="10" coveredmethods="1" methods="1" elements="2" classes="1" ncloc="6" statements="1" conditionals="0" coveredstatements="1"/>
            <class name="BaseSubtractionClass">
               <metrics coveredelements="2" coveredconditionals="0" complexity="1" coveredmethods="1" methods="1" elements="2" statements="1" conditionals="0" coveredstatements="1"/>
            </class>
            <line complexity="1" visibility="public" signature="baseSubstract(int,int) : int" num="7" count="1" type="method"/>
            <line num="8" count="1" type="stmt"/>
         </file>
         <file path="/Users/liyuanqi/Google Drive/UCLA_MSCS/Quarter3/CS230/TestCoverage/CustomProjectMaven/src/main/java/CustomProjectMaven/BranchCoverage.java" name="BranchCoverage.java">
            <metrics coveredelements="10" coveredconditionals="2" complexity="4" loc="24" coveredmethods="2" methods="2" elements="13" classes="1" ncloc="17" statements="7" conditionals="4" coveredstatements="6"/>
            <class name="BranchCoverage">
               <metrics coveredelements="10" coveredconditionals="2" complexity="4" coveredmethods="2" methods="2" elements="13" statements="7" conditionals="4" coveredstatements="6"/>
            </class>
            <line complexity="2" visibility="public" signature="concat(boolean,String,String) : String" num="9" count="1" type="method"/>
            <line num="10" count="1" type="stmt"/>
            <line num="11" count="1" type="stmt"/>
            <line falsecount="0" truecount="1" num="11" type="cond"/>
            <line num="12" count="1" type="stmt"/>
            <line num="14" count="1" type="stmt"/>
            <line complexity="2" visibility="public" signature="isOdd(int) : Boolean" num="17" count="1" type="method"/>
            <line num="18" count="1" type="stmt"/>
            <line falsecount="1" truecount="0" num="18" type="cond"/>
            <line num="19" count="0" type="stmt"/>
            <line num="21" count="1" type="stmt"/>
         </file>
         <file path="/Users/liyuanqi/Google Drive/UCLA_MSCS/Quarter3/CS230/TestCoverage/CustomProjectMaven/src/main/java/CustomProjectMaven/ChildSubstractionClass.java" name="ChildSubstractionClass.java">
            <metrics coveredelements="2" coveredconditionals="0" complexity="1" loc="10" coveredmethods="1" methods="1" elements="2" classes="1" ncloc="6" statements="1" conditionals="0" coveredstatements="1"/>
            <class name="ChildSubstractionClass">
               <metrics coveredelements="2" coveredconditionals="0" complexity="1" coveredmethods="1" methods="1" elements="2" statements="1" conditionals="0" coveredstatements="1"/>
            </class>
            <line complexity="1" visibility="public" signature="childSubstract(int,int) : int" num="7" count="1" type="method"/>
            <line num="8" count="1" type="stmt"/>
         </file>
         <file path="/Users/liyuanqi/Google Drive/UCLA_MSCS/Quarter3/CS230/TestCoverage/CustomProjectMaven/src/main/java/CustomProjectMaven/Collection.java" name="Collection.java">
            <metrics coveredelements="2" coveredconditionals="0" complexity="1" loc="17" coveredmethods="1" methods="1" elements="2" classes="1" ncloc="10" statements="1" conditionals="0" coveredstatements="1"/>
            <class name="Collection">
               <metrics coveredelements="2" coveredconditionals="0" complexity="1" coveredmethods="1" methods="1" elements="2" statements="1" conditionals="0" coveredstatements="1"/>
            </class>
            <line complexity="1" visibility="public" signature="multiplyThree(ArrayList&lt;Integer&gt;) : List&lt;Integer&gt;" num="14" count="1" type="method"/>
            <line num="15" count="1" type="stmt"/>
         </file>
         <file path="/Users/liyuanqi/Google Drive/UCLA_MSCS/Quarter3/CS230/TestCoverage/CustomProjectMaven/src/main/java/CustomProjectMaven/ConcreteAdditionClass.java" name="ConcreteAdditionClass.java">
            <metrics coveredelements="4" coveredconditionals="0" complexity="2" loc="15" coveredmethods="2" methods="2" elements="4" classes="1" ncloc="9" statements="2" conditionals="0" coveredstatements="2"/>
            <class name="ConcreteAdditionClass">
               <metrics coveredelements="4" coveredconditionals="0" complexity="2" coveredmethods="2" methods="2" elements="4" statements="2" conditionals="0" coveredstatements="2"/>
            </class>
            <line complexity="1" visibility="public" signature="abstractAdditionMethod(int,int) : int" num="8" count="1" type="method"/>
            <line num="9" count="1" type="stmt"/>
            <line complexity="1" visibility="public" signature="interfaceAdd(int,int) : int" num="12" count="1" type="method"/>
            <line num="13" count="1" type="stmt"/>
         </file>
         <file path="/Users/liyuanqi/Google Drive/UCLA_MSCS/Quarter3/CS230/TestCoverage/CustomProjectMaven/src/main/java/CustomProjectMaven/DefaultConstructor.java" name="DefaultConstructor.java">
            <metrics coveredelements="0" coveredconditionals="0" complexity="0" loc="8" coveredmethods="0" methods="0" elements="0" classes="1" ncloc="3" statements="0" conditionals="0" coveredstatements="0"/>
            <class name="DefaultConstructor">
               <metrics coveredelements="0" coveredconditionals="0" complexity="0" coveredmethods="0" methods="0" elements="0" statements="0" conditionals="0" coveredstatements="0"/>
            </class>
         </file>
         <file path="/Users/liyuanqi/Google Drive/UCLA_MSCS/Quarter3/CS230/TestCoverage/CustomProjectMaven/src/main/java/CustomProjectMaven/DirectionEnum.java" name="DirectionEnum.java">
            <metrics coveredelements="7" coveredconditionals="0" complexity="2" loc="27" coveredmethods="2" methods="2" elements="7" classes="1" ncloc="17" statements="5" conditionals="0" coveredstatements="5"/>
            <class name="DirectionEnum">
               <metrics coveredelements="7" coveredconditionals="0" complexity="2" coveredmethods="2" methods="2" elements="7" statements="5" conditionals="0" coveredstatements="5"/>
            </class>
            <line complexity="1" visibility="package" signature="&lt;clinit&gt;, line 15()" num="15" count="1" type="method"/>
            <line num="16" count="1" type="stmt"/>
            <line num="17" count="1" type="stmt"/>
            <line num="18" count="1" type="stmt"/>
            <line num="19" count="1" type="stmt"/>
            <line complexity="1" visibility="public" signature="getOppositeDirection() : DirectionEnum" num="22" count="1" type="method"/>
            <line num="23" count="1" type="stmt"/>
         </file>
         <file path="/Users/liyuanqi/Google Drive/UCLA_MSCS/Quarter3/CS230/TestCoverage/CustomProjectMaven/src/main/java/CustomProjectMaven/ExceptionClassA.java" name="ExceptionClassA.java">
            <metrics coveredelements="0" coveredconditionals="0" complexity="2" loc="16" coveredmethods="0" methods="2" elements="6" classes="1" ncloc="11" statements="4" conditionals="0" coveredstatements="0"/>
            <class name="ExceptionClassA">
               <metrics coveredelements="0" coveredconditionals="0" complexity="2" coveredmethods="0" methods="2" elements="6" statements="4" conditionals="0" coveredstatements="0"/>
            </class>
            <line complexity="1" visibility="public" signature="ExceptionClassA(String)" num="7" count="0" type="method"/>
            <line num="8" count="0" type="stmt"/>
            <line num="9" count="0" type="stmt"/>
            <line complexity="1" visibility="public" signature="ExceptionClassA(String,Throwable)" num="12" count="0" type="method"/>
            <line num="13" count="0" type="stmt"/>
            <line num="14" count="0" type="stmt"/>
         </file>
         <file path="/Users/liyuanqi/Google Drive/UCLA_MSCS/Quarter3/CS230/TestCoverage/CustomProjectMaven/src/main/java/CustomProjectMaven/ExceptionClassB.java" name="ExceptionClassB.java">
            <metrics coveredelements="0" coveredconditionals="0" complexity="2" loc="16" coveredmethods="0" methods="2" elements="6" classes="1" ncloc="11" statements="4" conditionals="0" coveredstatements="0"/>
            <class name="ExceptionClassB">
               <metrics coveredelements="0" coveredconditionals="0" complexity="2" coveredmethods="0" methods="2" elements="6" statements="4" conditionals="0" coveredstatements="0"/>
            </class>
            <line complexity="1" visibility="public" signature="ExceptionClassB(String)" num="7" count="0" type="method"/>
            <line num="8" count="0" type="stmt"/>
            <line num="9" count="0" type="stmt"/>
            <line complexity="1" visibility="public" signature="ExceptionClassB(String,Throwable)" num="12" count="0" type="method"/>
            <line num="13" count="0" type="stmt"/>
            <line num="14" count="0" type="stmt"/>
         </file>
         <file path="/Users/liyuanqi/Google Drive/UCLA_MSCS/Quarter3/CS230/TestCoverage/CustomProjectMaven/src/main/java/CustomProjectMaven/GenericTypeClass.java" name="GenericTypeClass.java">
            <metrics coveredelements="2" coveredconditionals="0" complexity="1" loc="10" coveredmethods="1" methods="1" elements="2" classes="1" ncloc="6" statements="1" conditionals="0" coveredstatements="1"/>
            <class name="GenericTypeClass">
               <metrics coveredelements="2" coveredconditionals="0" complexity="1" coveredmethods="1" methods="1" elements="2" statements="1" conditionals="0" coveredstatements="1"/>
            </class>
            <line complexity="1" visibility="public" signature="concatString(T,T) : String" num="7" count="1" type="method"/>
            <line num="8" count="1" type="stmt"/>
         </file>
         <file path="/Users/liyuanqi/Google Drive/UCLA_MSCS/Quarter3/CS230/TestCoverage/CustomProjectMaven/src/main/java/CustomProjectMaven/MultiplierEnum.java" name="MultiplierEnum.java">
            <metrics coveredelements="4" coveredconditionals="0" complexity="2" loc="22" coveredmethods="2" methods="2" elements="4" classes="1" ncloc="12" statements="2" conditionals="0" coveredstatements="2"/>
            <class name="MultiplierEnum">
               <metrics coveredelements="4" coveredconditionals="0" complexity="2" coveredmethods="2" methods="2" elements="4" statements="2" conditionals="0" coveredstatements="2"/>
            </class>
            <line complexity="1" visibility="package" signature="MultiplierEnum(double)" num="13" count="2" type="method"/>
            <line num="14" count="2" type="stmt"/>
            <line complexity="1" visibility="package" signature="applyMultiplier(Double) : Double" num="17" count="2" type="method"/>
            <line num="18" count="2" type="stmt"/>
         </file>
         <file path="/Users/liyuanqi/Google Drive/UCLA_MSCS/Quarter3/CS230/TestCoverage/CustomProjectMaven/src/main/java/CustomProjectMaven/ParameterizedJunitTestClass.java" name="ParameterizedJunitTestClass.java">
            <metrics coveredelements="8" coveredconditionals="2" complexity="2" loc="18" coveredmethods="1" methods="1" elements="8" classes="1" ncloc="12" statements="5" conditionals="2" coveredstatements="5"/>
            <class name="ParameterizedJunitTestClass">
               <metrics coveredelements="8" coveredconditionals="2" complexity="2" coveredmethods="1" methods="1" elements="8" statements="5" conditionals="2" coveredstatements="5"/>
            </class>
            <line complexity="2" visibility="public" signature="compute(int) : int" num="7" count="25" type="method"/>
            <line num="8" count="25" type="stmt"/>
            <line num="10" count="25" type="stmt"/>
            <line falsecount="12" truecount="13" num="10" type="cond"/>
            <line num="11" count="13" type="stmt"/>
            <line num="13" count="12" type="stmt"/>
            <line num="16" count="25" type="stmt"/>
         </file>
         <file path="/Users/liyuanqi/Google Drive/UCLA_MSCS/Quarter3/CS230/TestCoverage/CustomProjectMaven/src/main/java/CustomProjectMaven/PathCoverage.java" name="PathCoverage.java">
            <metrics coveredelements="13" coveredconditionals="4" complexity="3" loc="22" coveredmethods="1" methods="1" elements="13" classes="1" ncloc="17" statements="8" conditionals="4" coveredstatements="8"/>
            <class name="PathCoverage">
               <metrics coveredelements="13" coveredconditionals="4" complexity="3" coveredmethods="1" methods="1" elements="13" statements="8" conditionals="4" coveredstatements="8"/>
            </class>
            <line complexity="3" visibility="public" signature="fourPaths(boolean,boolean) : Boolean" num="7" count="2" type="method"/>
            <line num="8" count="2" type="stmt"/>
            <line num="9" count="2" type="stmt"/>
            <line falsecount="1" truecount="1" num="9" type="cond"/>
            <line num="10" count="1" type="stmt"/>
            <line num="12" count="1" type="stmt"/>
            <line num="15" count="2" type="stmt"/>
            <line falsecount="1" truecount="1" num="15" type="cond"/>
            <line num="16" count="1" type="stmt"/>
            <line num="18" count="1" type="stmt"/>
            <line num="20" count="2" type="stmt"/>
         </file>
         <file path="/Users/liyuanqi/Google Drive/UCLA_MSCS/Quarter3/CS230/TestCoverage/CustomProjectMaven/src/main/java/CustomProjectMaven/Reflection.java" name="Reflection.java">
            <metrics coveredelements="7" coveredconditionals="0" complexity="2" loc="17" coveredmethods="2" methods="2" elements="7" classes="1" ncloc="13" statements="5" conditionals="0" coveredstatements="5"/>
            <class name="Reflection">
               <metrics coveredelements="7" coveredconditionals="0" complexity="2" coveredmethods="2" methods="2" elements="7" statements="5" conditionals="0" coveredstatements="5"/>
            </class>
            <line complexity="1" visibility="public" signature="setCounter(int) : boolean" num="7" count="1" type="method"/>
            <line num="8" count="1" type="stmt"/>
            <line num="9" count="1" type="stmt"/>
            <line num="10" count="1" type="stmt"/>
            <line complexity="1" visibility="public" signature="getCounter() : int" num="12" count="1" type="method"/>
            <line num="13" count="1" type="stmt"/>
            <line num="14" count="1" type="stmt"/>
         </file>
         <file path="/Users/liyuanqi/Google Drive/UCLA_MSCS/Quarter3/CS230/TestCoverage/CustomProjectMaven/src/main/java/CustomProjectMaven/Simple.java" name="Simple.java">
            <metrics coveredelements="8" coveredconditionals="3" complexity="4" loc="17" coveredmethods="2" methods="2" elements="10" classes="1" ncloc="12" statements="4" conditionals="4" coveredstatements="3"/>
            <class name="Simple">
               <metrics coveredelements="8" coveredconditionals="3" complexity="4" coveredmethods="2" methods="2" elements="10" statements="4" conditionals="4" coveredstatements="3"/>
            </class>
            <line complexity="1" visibility="public" signature="divide(int,int) : int" num="7" count="8" type="method"/>
            <line num="8" count="8" type="stmt"/>
            <line complexity="3" visibility="public" signature="stopAtN(int) : void" num="11" count="1" type="method"/>
            <line num="12" count="1" type="stmt"/>
            <line falsecount="1" truecount="7" num="12" type="cond"/>
            <line num="13" count="7" type="stmt"/>
            <line falsecount="7" truecount="0" num="13" type="cond"/>
            <line num="14" count="0" type="stmt"/>
         </file>
         <file path="/Users/liyuanqi/Google Drive/UCLA_MSCS/Quarter3/CS230/TestCoverage/CustomProjectMaven/src/main/java/CustomProjectMaven/SimpleAdditionInterface.java" name="SimpleAdditionInterface.java">
            <metrics coveredelements="0" coveredconditionals="0" complexity="0" loc="8" coveredmethods="0" methods="0" elements="0" classes="1" ncloc="4" statements="0" conditionals="0" coveredstatements="0"/>
            <class name="SimpleAdditionInterface">
               <metrics coveredelements="0" coveredconditionals="0" complexity="0" coveredmethods="0" methods="0" elements="0" statements="0" conditionals="0" coveredstatements="0"/>
            </class>
         </file>
         <file path="/Users/liyuanqi/Google Drive/UCLA_MSCS/Quarter3/CS230/TestCoverage/CustomProjectMaven/src/main/java/CustomProjectMaven/StaticInnerClass.java" name="StaticInnerClass.java">
            <metrics coveredelements="5" coveredconditionals="0" complexity="2" loc="20" coveredmethods="2" methods="2" elements="5" classes="2" ncloc="12" statements="3" conditionals="0" coveredstatements="3"/>
            <class name="StaticInnerClass">
               <metrics coveredelements="3" coveredconditionals="0" complexity="1" coveredmethods="1" methods="1" elements="3" statements="2" conditionals="0" coveredstatements="2"/>
            </class>
            <class name="StaticInnerClass.InnerStaticNested">
               <metrics coveredelements="2" coveredconditionals="0" complexity="1" coveredmethods="1" methods="1" elements="2" statements="1" conditionals="0" coveredstatements="1"/>
            </class>
            <line complexity="1" visibility="public" signature="staticNestedClassAdd(int,int) : int" num="8" count="1" type="method"/>
            <line num="10" count="1" type="stmt"/>
            <line num="11" count="1" type="stmt"/>
            <line complexity="1" visibility="public" signature="add(int,int) : int" num="16" count="1" type="method"/>
            <line num="17" count="1" type="stmt"/>
         </file>
         <file path="/Users/liyuanqi/Google Drive/UCLA_MSCS/Quarter3/CS230/TestCoverage/CustomProjectMaven/src/main/java/CustomProjectMaven/UseExceptionClass.java" name="UseExceptionClass.java">
            <metrics coveredelements="0" coveredconditionals="0" complexity="3" loc="14" coveredmethods="0" methods="1" elements="9" classes="1" ncloc="10" statements="4" conditionals="4" coveredstatements="0"/>
            <class name="UseExceptionClass">
               <metrics coveredelements="0" coveredconditionals="0" complexity="3" coveredmethods="0" methods="1" elements="9" statements="4" conditionals="4" coveredstatements="0"/>
            </class>
            <line complexity="3" visibility="public" signature="UseExceptionClass(String)" num="7" count="0" type="method"/>
            <line num="9" count="0" type="stmt"/>
            <line falsecount="0" truecount="0" num="9" type="cond"/>
            <line num="10" count="0" type="stmt"/>
            <line num="11" count="0" type="stmt"/>
            <line falsecount="0" truecount="0" num="11" type="cond"/>
            <line num="12" count="0" type="stmt"/>
         </file>
         <file path="/Users/liyuanqi/Google Drive/UCLA_MSCS/Quarter3/CS230/TestCoverage/CustomProjectMaven/src/main/java/CustomProjectMaven/WeekEnum.java" name="WeekEnum.java">
            <metrics coveredelements="0" coveredconditionals="0" complexity="0" loc="14" coveredmethods="0" methods="0" elements="0" classes="1" ncloc="10" statements="0" conditionals="0" coveredstatements="0"/>
            <class name="WeekEnum">
               <metrics coveredelements="0" coveredconditionals="0" complexity="0" coveredmethods="0" methods="0" elements="0" statements="0" conditionals="0" coveredstatements="0"/>
            </class>
         </file>
      </package>
   </project>
   <testproject name="CustomProjectMaven 1.0-SNAPSHOT" timestamp="1495166154227">
      <metrics coveredelements="79" complexity="25" loc="360" methods="24" classes="17" statements="57" packages="1" coveredconditionals="2" coveredmethods="23" elements="83" ncloc="228" files="17" conditionals="2" coveredstatements="54"/>
      <package name="CustomProjectMaven">
         <metrics coveredelements="79" complexity="25" loc="360" methods="24" classes="17" statements="57" coveredconditionals="2" coveredmethods="23" elements="83" ncloc="228" files="17" conditionals="2" coveredstatements="54"/>
         <file path="/Users/liyuanqi/Google Drive/UCLA_MSCS/Quarter3/CS230/TestCoverage/CustomProjectMaven/src/test/java/CustomProjectMaven/AnnotationTest.java" name="AnnotationTest.java">
            <metrics coveredelements="3" coveredconditionals="0" complexity="1" loc="25" coveredmethods="1" methods="1" elements="3" classes="1" ncloc="18" statements="2" conditionals="0" coveredstatements="2"/>
            <class name="AnnotationTest">
               <metrics coveredelements="3" complexity="1" methods="1" testruns="1" statements="2" coveredconditionals="0" coveredmethods="1" elements="3" testfailures="0" testduration="0.012" conditionals="0" coveredstatements="2" testpasses="1"/>
            </class>
            <line complexity="1" visibility="public" signature="AnnotationTest() : void" num="11" testsuccess="true" count="1" testduration="0.012" type="method"/>
            <line num="13" count="1" type="stmt"/>
            <line num="23" count="1" type="stmt"/>
         </file>
         <file path="/Users/liyuanqi/Google Drive/UCLA_MSCS/Quarter3/CS230/TestCoverage/CustomProjectMaven/src/test/java/CustomProjectMaven/AnonymousFunctionTest.java" name="AnonymousFunctionTest.java">
            <metrics coveredelements="4" coveredconditionals="0" complexity="1" loc="17" coveredmethods="1" methods="1" elements="4" classes="1" ncloc="10" statements="3" conditionals="0" coveredstatements="3"/>
            <class name="AnonymousFunctionTest">
               <metrics coveredelements="4" complexity="1" methods="1" testruns="1" statements="3" coveredconditionals="0" coveredmethods="1" elements="4" testfailures="0" testduration="0.002" conditionals="0" coveredstatements="3" testpasses="1"/>
            </class>
            <line complexity="1" visibility="public" signature="AnonymousTest() : void" num="11" testsuccess="true" count="1" testduration="0.002" type="method"/>
            <line num="13" count="1" type="stmt"/>
            <line num="14" count="1" type="stmt"/>
            <line num="15" count="1" type="stmt"/>
         </file>
         <file path="/Users/liyuanqi/Google Drive/UCLA_MSCS/Quarter3/CS230/TestCoverage/CustomProjectMaven/src/test/java/CustomProjectMaven/BranchCoverageTest.java" name="BranchCoverageTest.java">
            <metrics coveredelements="6" coveredconditionals="0" complexity="2" loc="26" coveredmethods="2" methods="2" elements="6" classes="1" ncloc="14" statements="4" conditionals="0" coveredstatements="4"/>
            <class name="BranchCoverageTest">
               <metrics coveredelements="6" complexity="2" methods="2" testruns="2" statements="4" coveredconditionals="0" coveredmethods="2" elements="6" testfailures="0" testduration="0.002" conditionals="0" coveredstatements="4" testpasses="2"/>
            </class>
            <line complexity="1" visibility="public" signature="mathCheckerTest() : void" num="11" testsuccess="true" count="1" testduration="0.002" type="method"/>
            <line num="14" count="1" type="stmt"/>
            <line num="15" count="1" type="stmt"/>
            <line complexity="1" visibility="public" signature="testStringUtil() : void" num="18" testsuccess="true" count="1" testduration="0.0" type="method"/>
            <line num="21" count="1" type="stmt"/>
            <line num="22" count="1" type="stmt"/>
         </file>
         <file path="/Users/liyuanqi/Google Drive/UCLA_MSCS/Quarter3/CS230/TestCoverage/CustomProjectMaven/src/test/java/CustomProjectMaven/ChildSubstractionClassTest.java" name="ChildSubstractionClassTest.java">
            <metrics coveredelements="6" coveredconditionals="0" complexity="2" loc="22" coveredmethods="2" methods="2" elements="6" classes="1" ncloc="16" statements="4" conditionals="0" coveredstatements="4"/>
            <class name="ChildSubstractionClassTest">
               <metrics coveredelements="6" complexity="2" methods="2" testruns="2" statements="4" coveredconditionals="0" coveredmethods="2" elements="6" testfailures="0" testduration="0.001" conditionals="0" coveredstatements="4" testpasses="2"/>
            </class>
            <line complexity="1" visibility="public" signature="testParentClassMethodFromChildClass() : void" num="12" testsuccess="true" count="1" testduration="0.001" type="method"/>
            <line num="14" count="1" type="stmt"/>
            <line num="15" count="1" type="stmt"/>
            <line complexity="1" visibility="public" signature="testChildClassMethodFromChildClass() : void" num="17" testsuccess="true" count="1" testduration="0.0" type="method"/>
            <line num="19" count="1" type="stmt"/>
            <line num="20" count="1" type="stmt"/>
         </file>
         <file path="/Users/liyuanqi/Google Drive/UCLA_MSCS/Quarter3/CS230/TestCoverage/CustomProjectMaven/src/test/java/CustomProjectMaven/CollectionTest.java" name="CollectionTest.java">
            <metrics coveredelements="10" coveredconditionals="2" complexity="2" loc="28" coveredmethods="1" methods="1" elements="10" classes="1" ncloc="18" statements="7" conditionals="2" coveredstatements="7"/>
            <class name="CollectionTest">
               <metrics coveredelements="10" complexity="2" methods="1" testruns="1" statements="7" coveredconditionals="2" coveredmethods="1" elements="10" testfailures="0" testduration="0.054" conditionals="2" coveredstatements="7" testpasses="1"/>
            </class>
            <line complexity="2" visibility="public" signature="multiplyThree() : void" num="15" testsuccess="true" count="1" testduration="0.054" type="method"/>
            <line num="17" count="1" type="stmt"/>
            <line num="18" count="1" type="stmt"/>
            <line num="19" count="1" type="stmt"/>
            <line falsecount="1" truecount="5" num="19" type="cond"/>
            <line num="20" count="5" type="stmt"/>
            <line num="21" count="5" type="stmt"/>
            <line num="23" count="1" type="stmt"/>
            <line num="25" count="1" type="stmt"/>
         </file>
         <file path="/Users/liyuanqi/Google Drive/UCLA_MSCS/Quarter3/CS230/TestCoverage/CustomProjectMaven/src/test/java/CustomProjectMaven/ConcreteAdditionClassTest.java" name="ConcreteAdditionClassTest.java">
            <metrics coveredelements="9" coveredconditionals="0" complexity="3" loc="27" coveredmethods="3" methods="3" elements="9" classes="1" ncloc="21" statements="6" conditionals="0" coveredstatements="6"/>
            <class name="ConcreteAdditionClassTest">
               <metrics coveredelements="9" complexity="3" methods="3" testruns="3" statements="6" coveredconditionals="0" coveredmethods="3" elements="9" testfailures="0" testduration="0.002" conditionals="0" coveredstatements="6" testpasses="3"/>
            </class>
            <line complexity="1" visibility="public" signature="testAbstractMethod() : void" num="12" testsuccess="true" count="1" testduration="0.001" type="method"/>
            <line num="14" count="1" type="stmt"/>
            <line num="15" count="1" type="stmt"/>
            <line complexity="1" visibility="public" signature="testConcreteMethod() : void" num="17" testsuccess="true" count="1" testduration="0.001" type="method"/>
            <line num="19" count="1" type="stmt"/>
            <line num="20" count="1" type="stmt"/>
            <line complexity="1" visibility="public" signature="testInterfaceMethod() : void" num="22" testsuccess="true" count="1" testduration="0.0" type="method"/>
            <line num="24" count="1" type="stmt"/>
            <line num="25" count="1" type="stmt"/>
         </file>
         <file path="/Users/liyuanqi/Google Drive/UCLA_MSCS/Quarter3/CS230/TestCoverage/CustomProjectMaven/src/test/java/CustomProjectMaven/DefaultConstructorTest.java" name="DefaultConstructorTest.java">
            <metrics coveredelements="2" coveredconditionals="0" complexity="1" loc="15" coveredmethods="1" methods="1" elements="2" classes="1" ncloc="8" statements="1" conditionals="0" coveredstatements="1"/>
            <class name="DefaultConstructorTest">
               <metrics coveredelements="2" complexity="1" methods="1" testruns="1" statements="1" coveredconditionals="0" coveredmethods="1" elements="2" testfailures="0" testduration="0.001" conditionals="0" coveredstatements="1" testpasses="1"/>
            </class>
            <line complexity="1" visibility="public" signature="noArgConstructorTest() : void" num="11" testsuccess="true" count="1" testduration="0.001" type="method"/>
            <line num="13" count="1" type="stmt"/>
         </file>
         <file path="/Users/liyuanqi/Google Drive/UCLA_MSCS/Quarter3/CS230/TestCoverage/CustomProjectMaven/src/test/java/CustomProjectMaven/DirectionEnumTest.java" name="DirectionEnumTest.java">
            <metrics coveredelements="3" coveredconditionals="0" complexity="1" loc="15" coveredmethods="1" methods="1" elements="3" classes="1" ncloc="9" statements="2" conditionals="0" coveredstatements="2"/>
            <class name="DirectionEnumTest">
               <metrics coveredelements="3" complexity="1" methods="1" testruns="1" statements="2" coveredconditionals="0" coveredmethods="1" elements="3" testfailures="0" testduration="0.001" conditionals="0" coveredstatements="2" testpasses="1"/>
            </class>
            <line complexity="1" visibility="public" signature="directionTest() : void" num="9" testsuccess="true" count="1" testduration="0.001" type="method"/>
            <line num="11" count="1" type="stmt"/>
            <line num="12" count="1" type="stmt"/>
         </file>
         <file path="/Users/liyuanqi/Google Drive/UCLA_MSCS/Quarter3/CS230/TestCoverage/CustomProjectMaven/src/test/java/CustomProjectMaven/GenericTypeClassTest.java" name="GenericTypeClassTest.java">
            <metrics coveredelements="3" coveredconditionals="0" complexity="1" loc="15" coveredmethods="1" methods="1" elements="3" classes="1" ncloc="10" statements="2" conditionals="0" coveredstatements="2"/>
            <class name="GenericTypeClassTest">
               <metrics coveredelements="3" complexity="1" methods="1" testruns="1" statements="2" coveredconditionals="0" coveredmethods="1" elements="3" testfailures="0" testduration="0.001" conditionals="0" coveredstatements="2" testpasses="1"/>
            </class>
            <line complexity="1" visibility="public" signature="testGenericTypeClass() : void" num="10" testsuccess="true" count="1" testduration="0.001" type="method"/>
            <line num="12" count="1" type="stmt"/>
            <line num="13" count="1" type="stmt"/>
         </file>
         <file path="/Users/liyuanqi/Google Drive/UCLA_MSCS/Quarter3/CS230/TestCoverage/CustomProjectMaven/src/test/java/CustomProjectMaven/MultiplierEnumTest.java" name="MultiplierEnumTest.java">
            <metrics coveredelements="3" coveredconditionals="0" complexity="1" loc="16" coveredmethods="1" methods="1" elements="3" classes="1" ncloc="10" statements="2" conditionals="0" coveredstatements="2"/>
            <class name="MultiplierEnumTest">
               <metrics coveredelements="3" complexity="1" methods="1" testruns="1" statements="2" coveredconditionals="0" coveredmethods="1" elements="3" testfailures="0" testduration="0.001" conditionals="0" coveredstatements="2" testpasses="1"/>
            </class>
            <line complexity="1" visibility="public" signature="multiplierTest() : void" num="11" testsuccess="true" count="1" testduration="0.001" type="method"/>
            <line num="13" count="1" type="stmt"/>
            <line num="14" count="1" type="stmt"/>
         </file>
         <file path="/Users/liyuanqi/Google Drive/UCLA_MSCS/Quarter3/CS230/TestCoverage/CustomProjectMaven/src/test/java/CustomProjectMaven/ParameterizedJunitTestClassTest.java" name="ParameterizedJunitTestClassTest.java">
            <metrics coveredelements="7" coveredconditionals="0" complexity="3" loc="38" coveredmethods="3" methods="3" elements="7" classes="1" ncloc="24" statements="4" conditionals="0" coveredstatements="4"/>
            <class name="ParameterizedJunitTestClassTest">
               <metrics coveredelements="7" complexity="3" methods="3" testruns="1" statements="4" coveredconditionals="0" coveredmethods="3" elements="7" testfailures="0" testduration="0.001" conditionals="0" coveredstatements="4" testpasses="1"/>
            </class>
            <line complexity="1" visibility="public" signature="data() : Collection&lt;Object[]&gt;" num="19" count="1" type="method"/>
            <line num="21" count="1" type="stmt"/>
            <line complexity="1" visibility="public" signature="ParameterizedJunitTestClassTest(int,int)" num="28" count="1" type="method"/>
            <line num="29" count="1" type="stmt"/>
            <line num="30" count="1" type="stmt"/>
            <line complexity="1" visibility="public" signature="test() : void" num="33" testsuccess="true" count="1" testduration="0.001" type="method"/>
            <line num="35" count="1" type="stmt"/>
         </file>
         <file path="/Users/liyuanqi/Google Drive/UCLA_MSCS/Quarter3/CS230/TestCoverage/CustomProjectMaven/src/test/java/CustomProjectMaven/PathCoverageTest.java" name="PathCoverageTest.java">
            <metrics coveredelements="5" coveredconditionals="0" complexity="1" loc="20" coveredmethods="1" methods="1" elements="5" classes="1" ncloc="11" statements="4" conditionals="0" coveredstatements="4"/>
            <class name="PathCoverageTest">
               <metrics coveredelements="5" complexity="1" methods="1" testruns="1" statements="4" coveredconditionals="0" coveredmethods="1" elements="5" testfailures="0" testduration="0.003" conditionals="0" coveredstatements="4" testpasses="1"/>
            </class>
            <line complexity="1" visibility="public" signature="pathCheckerTest() : void" num="11" testsuccess="true" count="1" testduration="0.003" type="method"/>
            <line num="14" count="1" type="stmt"/>
            <line num="15" count="1" type="stmt"/>
            <line num="16" count="1" type="stmt"/>
            <line num="17" count="1" type="stmt"/>
         </file>
         <file path="/Users/liyuanqi/Google Drive/UCLA_MSCS/Quarter3/CS230/TestCoverage/CustomProjectMaven/src/test/java/CustomProjectMaven/ReflectionTest.java" name="ReflectionTest.java">
            <metrics coveredelements="9" coveredconditionals="0" complexity="1" loc="22" coveredmethods="1" methods="1" elements="9" classes="1" ncloc="15" statements="8" conditionals="0" coveredstatements="8"/>
            <class name="ReflectionTest">
               <metrics coveredelements="9" complexity="1" methods="1" testruns="1" statements="8" coveredconditionals="0" coveredmethods="1" elements="9" testfailures="0" testduration="0.001" conditionals="0" coveredstatements="8" testpasses="1"/>
            </class>
            <line complexity="1" visibility="public" signature="CounterTest() : void" num="10" testsuccess="true" count="1" testduration="0.001" type="method"/>
            <line num="12" count="1" type="stmt"/>
            <line num="13" count="1" type="stmt"/>
            <line num="14" count="1" type="stmt"/>
            <line num="15" count="1" type="stmt"/>
            <line num="16" count="1" type="stmt"/>
            <line num="18" count="1" type="stmt"/>
            <line num="19" count="1" type="stmt"/>
            <line num="20" count="1" type="stmt"/>
         </file>
         <file path="/Users/liyuanqi/Google Drive/UCLA_MSCS/Quarter3/CS230/TestCoverage/CustomProjectMaven/src/test/java/CustomProjectMaven/SimpleTest.java" name="SimpleTest.java">
            <metrics coveredelements="5" coveredconditionals="0" complexity="2" loc="23" coveredmethods="2" methods="2" elements="5" classes="1" ncloc="13" statements="3" conditionals="0" coveredstatements="3"/>
            <class name="SimpleTest">
               <metrics coveredelements="5" complexity="2" methods="2" testruns="2" statements="3" coveredconditionals="0" coveredmethods="2" elements="5" testfailures="0" testduration="0.001" conditionals="0" coveredstatements="3" testpasses="2"/>
            </class>
            <line complexity="1" visibility="public" signature="divideTest() : void" num="11" testsuccess="true" count="1" testduration="0.001" type="method"/>
            <line num="14" count="1" type="stmt"/>
            <line num="15" count="1" type="stmt"/>
            <line complexity="1" visibility="public" signature="loopTermConditionTest() : void" num="18" testsuccess="true" count="1" testduration="0.0" type="method"/>
            <line num="21" count="1" type="stmt"/>
         </file>
         <file path="/Users/liyuanqi/Google Drive/UCLA_MSCS/Quarter3/CS230/TestCoverage/CustomProjectMaven/src/test/java/CustomProjectMaven/StaticInnerClassTest.java" name="StaticInnerClassTest.java">
            <metrics coveredelements="2" coveredconditionals="0" complexity="1" loc="14" coveredmethods="1" methods="1" elements="2" classes="1" ncloc="9" statements="1" conditionals="0" coveredstatements="1"/>
            <class name="StaticInnerClassTest">
               <metrics coveredelements="2" complexity="1" methods="1" testruns="1" statements="1" coveredconditionals="0" coveredmethods="1" elements="2" testfailures="0" testduration="0.004" conditionals="0" coveredstatements="1" testpasses="1"/>
            </class>
            <line complexity="1" visibility="public" signature="testStaticInnerClassMethod() : void" num="10" testsuccess="true" count="1" testduration="0.004" type="method"/>
            <line num="12" count="1" type="stmt"/>
         </file>
         <file path="/Users/liyuanqi/Google Drive/UCLA_MSCS/Quarter3/CS230/TestCoverage/CustomProjectMaven/src/test/java/CustomProjectMaven/UseExceptionClassTest.java" name="UseExceptionClassTest.java">
            <metrics coveredelements="0" coveredconditionals="0" complexity="1" loc="22" coveredmethods="0" methods="1" elements="4" classes="1" ncloc="14" statements="3" conditionals="0" coveredstatements="0"/>
            <class name="UseExceptionClassTest">
               <metrics coveredelements="0" complexity="1" methods="1" testruns="1" statements="3" coveredconditionals="0" coveredmethods="0" elements="4" testfailures="1" testduration="0.008" conditionals="0" coveredstatements="0" testpasses="0"/>
            </class>
            <line complexity="1" visibility="public" signature="ExceptionTest() : void" num="16" testsuccess="false" count="0" testduration="0.008" type="method"/>
            <line num="18" count="0" type="stmt"/>
            <line num="19" count="0" type="stmt"/>
            <line num="20" count="0" type="stmt"/>
         </file>
         <file path="/Users/liyuanqi/Google Drive/UCLA_MSCS/Quarter3/CS230/TestCoverage/CustomProjectMaven/src/test/java/CustomProjectMaven/WeekEnumTest.java" name="WeekEnumTest.java">
            <metrics coveredelements="2" coveredconditionals="0" complexity="1" loc="15" coveredmethods="1" methods="1" elements="2" classes="1" ncloc="8" statements="1" conditionals="0" coveredstatements="1"/>
            <class name="WeekEnumTest">
               <metrics coveredelements="2" complexity="1" methods="1" testruns="1" statements="1" coveredconditionals="0" coveredmethods="1" elements="2" testfailures="0" testduration="0.001" conditionals="0" coveredstatements="1" testpasses="1"/>
            </class>
            <line complexity="1" visibility="public" signature="weekEnumTest() : void" num="11" testsuccess="true" count="1" testduration="0.001" type="method"/>
            <line num="13" count="1" type="stmt"/>
         </file>
      </package>
   </testproject>
</coverage>